<?xml version="1.0" encoding="UTF-8"?>
<coverage generated="1789578290793" clover="3.2.0">
  <project timestamp="1789578290793" name="All files">
    <metrics statements="169" coveredstatements="163" conditionals="241" coveredconditionals="189" methods="181" coveredmethods="143" elements="591" coveredelements="495" complexity="0" loc="169" ncloc="169" packages="5" files="18" classes="18"/>
    <package name="src">
      <metrics statements="45" coveredstatements="39" conditionals="42" coveredconditionals="21" methods="45" coveredmethods="23"/>
      <file name="App.jsx" path="C:\Users\Latitude 5490\Desktop\practicas de progra\practicas semana 7\15-Jest\daily-planner\daily-planner\src\App.jsx">
        <metrics statements="45" coveredstatements="39" conditionals="42" coveredconditionals="21" methods="45" coveredmethods="23"/>
        <line num="17" count="2" type="stmt"/>
        <line num="18" count="0" type="stmt"/>
        <line num="20" count="1" type="stmt"/>
        <line num="22" count="8" type="stmt"/>
        <line num="23" count="8" type="stmt"/>
        <line num="24" count="8" type="stmt"/>
        <line num="25" count="8" type="cond" truecount="2" falsecount="0"/>
        <line num="26" count="8" type="stmt"/>
        <line num="27" count="8" type="stmt"/>
        <line num="28" count="8" type="stmt"/>
        <line num="29" count="8" type="stmt"/>
        <line num="30" count="8" type="stmt"/>
        <line num="31" count="8" type="stmt"/>
        <line num="32" count="8" type="stmt"/>
        <line num="33" count="8" type="stmt"/>
        <line num="34" count="8" type="stmt"/>
        <line num="35" count="8" type="stmt"/>
        <line num="36" count="8" type="stmt"/>
        <line num="37" count="8" type="stmt"/>
        <line num="39" count="8" type="stmt"/>
        <line num="40" count="4" type="cond" truecount="1" falsecount="1"/>
        <line num="41" count="4" type="stmt"/>
        <line num="42" count="0" type="stmt"/>
        <line num="44" count="8" type="stmt"/>
        <line num="45" count="2" type="stmt"/>
        <line num="46" count="0" type="cond" truecount="0" falsecount="2"/>
        <line num="47" count="2" type="stmt"/>
        <line num="48" count="2" type="stmt"/>
        <line num="50" count="1" type="stmt"/>
        <line num="51" count="1" type="stmt"/>
        <line num="53" count="1" type="cond" truecount="1" falsecount="3"/>
        <line num="54" count="1" type="cond" truecount="1" falsecount="1"/>
        <line num="57" count="6" type="stmt"/>
        <line num="58" count="1" type="cond" truecount="1" falsecount="1"/>
        <line num="59" count="1" type="stmt"/>
        <line num="61" count="8" type="stmt"/>
        <line num="62" count="45" type="stmt"/>
        <line num="63" count="8" type="stmt"/>
        <line num="64" count="0" type="cond" truecount="0" falsecount="4"/>
        <line num="65" count="0" type="stmt"/>
        <line num="66" count="2" type="stmt"/>
        <line num="67" count="0" type="cond" truecount="0" falsecount="2"/>
        <line num="69" count="315" type="stmt"/>
        <line num="70" count="315" type="cond" truecount="2" falsecount="0"/>
        <line num="71" count="8" type="cond" truecount="13" falsecount="7"/>
      </file>
      <file name="testStyles.js" path="C:\Users\Latitude 5490\Desktop\practicas de progra\practicas semana 7\15-Jest\daily-planner\daily-planner\src\testStyles.js">
        <metrics statements="0" coveredstatements="0" conditionals="0" coveredconditionals="0" methods="0" coveredmethods="0"/>
      </file>
    </package>
    <package name="src.Components">
      <metrics statements="69" coveredstatements="69" conditionals="130" coveredconditionals="108" methods="75" coveredmethods="64"/>
      <file name="DailySummary.jsx" path="C:\Users\Latitude 5490\Desktop\practicas de progra\practicas semana 7\15-Jest\daily-planner\daily-planner\src\Components\DailySummary.jsx">
        <metrics statements="5" coveredstatements="5" conditionals="9" coveredconditionals="8" methods="7" coveredmethods="6"/>
        <line num="2" count="11" type="stmt"/>
        <line num="3" count="3" type="cond" truecount="2" falsecount="0"/>
        <line num="4" count="3" type="cond" truecount="2" falsecount="0"/>
        <line num="5" count="3" type="stmt"/>
        <line num="6" count="12" type="cond" truecount="3" falsecount="1"/>
      </file>
      <file name="Header.jsx" path="C:\Users\Latitude 5490\Desktop\practicas de progra\practicas semana 7\15-Jest\daily-planner\daily-planner\src\Components\Header.jsx">
        <metrics statements="1" coveredstatements="1" conditionals="8" coveredconditionals="5" methods="1" coveredmethods="1"/>
        <line num="2" count="9" type="cond" truecount="5" falsecount="3"/>
      </file>
      <file name="RoutineForm.jsx" path="C:\Users\Latitude 5490\Desktop\practicas de progra\practicas semana 7\15-Jest\daily-planner\daily-planner\src\Components\RoutineForm.jsx">
        <metrics statements="5" coveredstatements="5" conditionals="18" coveredconditionals="16" methods="14" coveredmethods="9"/>
        <line num="4" count="16" type="cond" truecount="2" falsecount="0"/>
        <line num="5" count="16" type="stmt"/>
        <line num="6" count="3" type="stmt"/>
        <line num="7" count="3" type="cond" truecount="2" falsecount="0"/>
        <line num="8" count="112" type="cond" truecount="12" falsecount="2"/>
      </file>
      <file name="RoutineItem.jsx" path="C:\Users\Latitude 5490\Desktop\practicas de progra\practicas semana 7\15-Jest\daily-planner\daily-planner\src\Components\RoutineItem.jsx">
        <metrics statements="2" coveredstatements="2" conditionals="8" coveredconditionals="4" methods="6" coveredmethods="5"/>
        <line num="3" count="62" type="stmt"/>
        <line num="4" count="356" type="cond" truecount="4" falsecount="4"/>
      </file>
      <file name="RoutineList.jsx" path="C:\Users\Latitude 5490\Desktop\practicas de progra\practicas semana 7\15-Jest\daily-planner\daily-planner\src\Components\RoutineList.jsx">
        <metrics statements="1" coveredstatements="1" conditionals="2" coveredconditionals="2" methods="2" coveredmethods="2"/>
        <line num="4" count="61" type="cond" truecount="2" falsecount="0"/>
      </file>
      <file name="Sidebar.jsx" path="C:\Users\Latitude 5490\Desktop\practicas de progra\practicas semana 7\15-Jest\daily-planner\daily-planner\src\Components\Sidebar.jsx">
        <metrics statements="2" coveredstatements="2" conditionals="6" coveredconditionals="6" methods="4" coveredmethods="3"/>
        <line num="2" count="2" type="stmt"/>
        <line num="4" count="45" type="cond" truecount="6" falsecount="0"/>
      </file>
      <file name="TimerPanel.jsx" path="C:\Users\Latitude 5490\Desktop\practicas de progra\practicas semana 7\15-Jest\daily-planner\daily-planner\src\Components\TimerPanel.jsx">
        <metrics statements="2" coveredstatements="2" conditionals="25" coveredconditionals="20" methods="5" coveredmethods="3"/>
        <line num="2" count="5" type="stmt"/>
        <line num="3" count="10" type="cond" truecount="19" falsecount="5"/>
      </file>
      <file name="useReminders.js" path="C:\Users\Latitude 5490\Desktop\practicas de progra\practicas semana 7\15-Jest\daily-planner\daily-planner\src\Components\useReminders.js">
        <metrics statements="23" coveredstatements="23" conditionals="23" coveredconditionals="19" methods="25" coveredmethods="24"/>
        <line num="5" count="26" type="cond" truecount="2" falsecount="0"/>
        <line num="6" count="26" type="stmt"/>
        <line num="7" count="26" type="stmt"/>
        <line num="9" count="924" type="stmt"/>
        <line num="10" count="924" type="stmt"/>
        <line num="11" count="924" type="stmt"/>
        <line num="12" count="924" type="stmt"/>
        <line num="13" count="924" type="cond" truecount="2" falsecount="0"/>
        <line num="14" count="924" type="cond" truecount="3" falsecount="0"/>
        <line num="15" count="924" type="stmt"/>
        <line num="16" count="7" type="stmt"/>
        <line num="17" count="7" type="cond" truecount="4" falsecount="0"/>
        <line num="18" count="5" type="stmt"/>
        <line num="21" count="924" type="cond" truecount="3" falsecount="1"/>
        <line num="23" count="21" type="stmt"/>
        <line num="24" count="21" type="stmt"/>
        <line num="25" count="21" type="stmt"/>
        <line num="28" count="1" type="cond" truecount="1" falsecount="1"/>
        <line num="29" count="1" type="stmt"/>
        <line num="31" count="2" type="cond" truecount="1" falsecount="1"/>
        <line num="33" count="2" type="stmt"/>
        <line num="34" count="2" type="cond" truecount="1" falsecount="1"/>
        <line num="36" count="26" type="cond" truecount="2" falsecount="0"/>
      </file>
      <file name="useTimer.js" path="C:\Users\Latitude 5490\Desktop\practicas de progra\practicas semana 7\15-Jest\daily-planner\daily-planner\src\Components\useTimer.js">
        <metrics statements="28" coveredstatements="28" conditionals="31" coveredconditionals="28" methods="11" coveredmethods="11"/>
        <line num="4" count="43" type="stmt"/>
        <line num="5" count="43" type="stmt"/>
        <line num="6" count="43" type="stmt"/>
        <line num="7" count="43" type="stmt"/>
        <line num="8" count="3335" type="stmt"/>
        <line num="10" count="5" type="stmt"/>
        <line num="11" count="5" type="cond" truecount="2" falsecount="0"/>
        <line num="12" count="5" type="stmt"/>
        <line num="13" count="5" type="cond" truecount="2" falsecount="0"/>
        <line num="14" count="5" type="cond" truecount="3" falsecount="1"/>
        <line num="16" count="43" type="stmt"/>
        <line num="17" count="11" type="stmt"/>
        <line num="18" count="13352" type="stmt"/>
        <line num="19" count="13352" type="cond" truecount="2" falsecount="0"/>
        <line num="20" count="13260" type="stmt"/>
        <line num="21" count="13260" type="cond" truecount="2" falsecount="0"/>
        <line num="22" count="3" type="stmt"/>
        <line num="23" count="3" type="cond" truecount="1" falsecount="1"/>
        <line num="24" count="13257" type="cond" truecount="2" falsecount="0"/>
        <line num="26" count="11" type="stmt"/>
        <line num="29" count="7" type="stmt"/>
        <line num="30" count="7" type="cond" truecount="2" falsecount="0"/>
        <line num="33" count="7" type="stmt"/>
        <line num="34" count="7" type="cond" truecount="4" falsecount="0"/>
        <line num="35" count="6" type="stmt"/>
        <line num="37" count="1" type="cond" truecount="1" falsecount="1"/>
        <line num="38" count="2" type="cond" truecount="4" falsecount="0"/>
        <line num="39" count="43" type="cond" truecount="2" falsecount="0"/>
      </file>
    </package>
    <package name="src.Pages">
      <metrics statements="18" coveredstatements="18" conditionals="19" coveredconditionals="12" methods="37" coveredmethods="32"/>
      <file name="Activities.jsx" path="C:\Users\Latitude 5490\Desktop\practicas de progra\practicas semana 7\15-Jest\daily-planner\daily-planner\src\Pages\Activities.jsx">
        <metrics statements="2" coveredstatements="2" conditionals="3" coveredconditionals="3" methods="5" coveredmethods="3"/>
        <line num="5" count="50" type="cond" truecount="3" falsecount="0"/>
        <line num="6" count="63" type="stmt"/>
      </file>
      <file name="Dashboard.jsx" path="C:\Users\Latitude 5490\Desktop\practicas de progra\practicas semana 7\15-Jest\daily-planner\daily-planner\src\Pages\Dashboard.jsx">
        <metrics statements="3" coveredstatements="3" conditionals="2" coveredconditionals="1" methods="5" coveredmethods="3"/>
        <line num="5" count="10" type="stmt"/>
        <line num="6" count="2" type="cond" truecount="1" falsecount="1"/>
        <line num="7" count="2" type="stmt"/>
      </file>
      <file name="Focus.jsx" path="C:\Users\Latitude 5490\Desktop\practicas de progra\practicas semana 7\15-Jest\daily-planner\daily-planner\src\Pages\Focus.jsx">
        <metrics statements="2" coveredstatements="2" conditionals="4" coveredconditionals="2" methods="5" coveredmethods="5"/>
        <line num="3" count="1" type="stmt"/>
        <line num="4" count="3" type="cond" truecount="2" falsecount="2"/>
      </file>
      <file name="Statistics.jsx" path="C:\Users\Latitude 5490\Desktop\practicas de progra\practicas semana 7\15-Jest\daily-planner\daily-planner\src\Pages\Statistics.jsx">
        <metrics statements="9" coveredstatements="9" conditionals="6" coveredconditionals="3" methods="15" coveredmethods="14"/>
        <line num="3" count="1" type="stmt"/>
        <line num="4" count="2" type="stmt"/>
        <line num="5" count="35" type="stmt"/>
        <line num="6" count="7" type="stmt"/>
        <line num="7" count="7" type="stmt"/>
        <line num="8" count="1" type="cond" truecount="1" falsecount="1"/>
        <line num="9" count="1" type="stmt"/>
        <line num="10" count="1" type="stmt"/>
        <line num="11" count="30" type="cond" truecount="2" falsecount="2"/>
      </file>
      <file name="Weekly.jsx" path="C:\Users\Latitude 5490\Desktop\practicas de progra\practicas semana 7\15-Jest\daily-planner\daily-planner\src\Pages\Weekly.jsx">
        <metrics statements="2" coveredstatements="2" conditionals="4" coveredconditionals="3" methods="7" coveredmethods="7"/>
        <line num="4" count="1" type="stmt"/>
        <line num="5" count="35" type="cond" truecount="3" falsecount="1"/>
      </file>
    </package>
    <package name="src.Services">
      <metrics statements="30" coveredstatements="30" conditionals="46" coveredconditionals="44" methods="18" coveredmethods="18"/>
      <file name="routineService.js" path="C:\Users\Latitude 5490\Desktop\practicas de progra\practicas semana 7\15-Jest\daily-planner\daily-planner\src\Services\routineService.js">
        <metrics statements="30" coveredstatements="30" conditionals="46" coveredconditionals="44" methods="18" coveredmethods="18"/>
        <line num="1" count="13" type="stmt"/>
        <line num="2" count="13" type="stmt"/>
        <line num="3" count="13" type="stmt"/>
        <line num="4" count="1275" type="cond" truecount="1" falsecount="0"/>
        <line num="5" count="1014" type="cond" truecount="1" falsecount="0"/>
        <line num="6" count="46" type="stmt"/>
        <line num="7" count="23" type="stmt"/>
        <line num="8" count="87" type="stmt"/>
        <line num="10" count="11" type="stmt"/>
        <line num="11" count="77" type="stmt"/>
        <line num="14" count="36" type="stmt"/>
        <line num="21" count="180" type="cond" truecount="4" falsecount="0"/>
        <line num="24" count="25" type="cond" truecount="2" falsecount="0"/>
        <line num="25" count="24" type="cond" truecount="1" falsecount="1"/>
        <line num="26" count="24" type="cond" truecount="2" falsecount="0"/>
        <line num="27" count="23" type="cond" truecount="4" falsecount="0"/>
        <line num="28" count="22" type="cond" truecount="2" falsecount="0"/>
        <line num="29" count="103" type="cond" truecount="8" falsecount="0"/>
        <line num="30" count="19" type="cond" truecount="2" falsecount="0"/>
        <line num="31" count="18" type="stmt"/>
        <line num="34" count="6" type="stmt"/>
        <line num="35" count="6" type="cond" truecount="2" falsecount="0"/>
        <line num="36" count="5" type="stmt"/>
        <line num="37" count="11" type="cond" truecount="9" falsecount="0"/>
        <line num="38" count="3" type="stmt"/>
        <line num="41" count="938" type="stmt"/>
        <line num="42" count="956" type="cond" truecount="3" falsecount="0"/>
        <line num="43" count="953" type="stmt"/>
        <line num="44" count="953" type="stmt"/>
        <line num="45" count="953" type="cond" truecount="2" falsecount="0"/>
      </file>
    </package>
    <package name="src.utils">
      <metrics statements="7" coveredstatements="7" conditionals="4" coveredconditionals="4" methods="6" coveredmethods="6"/>
      <file name="matematicas.js" path="C:\Users\Latitude 5490\Desktop\practicas de progra\practicas semana 7\15-Jest\daily-planner\daily-planner\src\utils\matematicas.js">
        <metrics statements="7" coveredstatements="7" conditionals="4" coveredconditionals="4" methods="6" coveredmethods="6"/>
        <line num="3" count="4" type="stmt"/>
        <line num="7" count="4" type="stmt"/>
        <line num="11" count="4" type="stmt"/>
        <line num="16" count="7" type="cond" truecount="2" falsecount="0"/>
        <line num="17" count="4" type="stmt"/>
        <line num="22" count="7" type="cond" truecount="2" falsecount="0"/>
        <line num="23" count="14" type="stmt"/>
      </file>
    </package>
  </project>
</coverage>
