{"C:\\Users\\Latitude 5490\\Desktop\\practicas de progra\\practicas semana 7\\15-Jest\\daily-planner\\daily-planner\\src\\App.jsx": {"path":"C:\\Users\\Latitude 5490\\Desktop\\practicas de progra\\practicas semana 7\\15-Jest\\daily-planner\\daily-planner\\src\\App.jsx","statementMap":{"0":{"start":{"line":17,"column":2},"end":{"line":18,"column":158}},"1":{"start":{"line":17,"column":8},"end":{"line":17,"column":58}},"2":{"start":{"line":18,"column":10},"end":{"line":18,"column":156}},"3":{"start":{"line":20,"column":14},"end":{"line":20,"column":67}},"4":{"start":{"line":22,"column":20},"end":{"line":22,"column":34}},"5":{"start":{"line":23,"column":26},"end":{"line":23,"column":48}},"6":{"start":{"line":24,"column":42},"end":{"line":24,"column":65}},"7":{"start":{"line":25,"column":26},"end":{"line":25,"column":119}},"8":{"start":{"line":25,"column":41},"end":{"line":25,"column":118}},"9":{"start":{"line":26,"column":34},"end":{"line":26,"column":49}},"10":{"start":{"line":27,"column":28},"end":{"line":27,"column":53}},"11":{"start":{"line":27,"column":43},"end":{"line":27,"column":52}},"12":{"start":{"line":28,"column":40},"end":{"line":28,"column":66}},"13":{"start":{"line":28,"column":55},"end":{"line":28,"column":65}},"14":{"start":{"line":29,"column":32},"end":{"line":29,"column":46}},"15":{"start":{"line":30,"column":32},"end":{"line":30,"column":43}},"16":{"start":{"line":31,"column":30},"end":{"line":31,"column":45}},"17":{"start":{"line":32,"column":28},"end":{"line":32,"column":40}},"18":{"start":{"line":33,"column":34},"end":{"line":33,"column":46}},"19":{"start":{"line":34,"column":34},"end":{"line":34,"column":48}},"20":{"start":{"line":35,"column":23},"end":{"line":35,"column":35}},"21":{"start":{"line":36,"column":16},"end":{"line":36,"column":118}},"22":{"start":{"line":36,"column":36},"end":{"line":36,"column":117}},"23":{"start":{"line":36,"column":57},"end":{"line":36,"column":115}},"24":{"start":{"line":37,"column":20},"end":{"line":37,"column":72}},"25":{"start":{"line":39,"column":2},"end":{"line":43,"column":27}},"26":{"start":{"line":40,"column":4},"end":{"line":40,"column":29}},"27":{"start":{"line":40,"column":23},"end":{"line":40,"column":29}},"28":{"start":{"line":41,"column":4},"end":{"line":42,"column":145}},"29":{"start":{"line":41,"column":10},"end":{"line":41,"column":65}},"30":{"start":{"line":42,"column":12},"end":{"line":42,"column":143}},"31":{"start":{"line":42,"column":33},"end":{"line":42,"column":142}},"32":{"start":{"line":44,"column":2},"end":{"line":49,"column":8}},"33":{"start":{"line":45,"column":21},"end":{"line":45,"column":65}},"34":{"start":{"line":45,"column":39},"end":{"line":45,"column":58}},"35":{"start":{"line":46,"column":37},"end":{"line":46,"column":59}},"36":{"start":{"line":46,"column":61},"end":{"line":46,"column":100}},"37":{"start":{"line":46,"column":87},"end":{"line":46,"column":100}},"38":{"start":{"line":47,"column":4},"end":{"line":47,"column":49}},"39":{"start":{"line":48,"column":4},"end":{"line":48,"column":94}},"40":{"start":{"line":48,"column":19},"end":{"line":48,"column":43}},"41":{"start":{"line":48,"column":44},"end":{"line":48,"column":92}},"42":{"start":{"line":50,"column":28},"end":{"line":50,"column":42}},"43":{"start":{"line":50,"column":43},"end":{"line":50,"column":64}},"44":{"start":{"line":50,"column":65},"end":{"line":50,"column":83}},"45":{"start":{"line":51,"column":25},"end":{"line":51,"column":42}},"46":{"start":{"line":51,"column":43},"end":{"line":51,"column":69}},"47":{"start":{"line":51,"column":61},"end":{"line":51,"column":68}},"48":{"start":{"line":53,"column":4},"end":{"line":53,"column":237}},"49":{"start":{"line":53,"column":25},"end":{"line":53,"column":235}},"50":{"start":{"line":53,"column":95},"end":{"line":53,"column":143}},"51":{"start":{"line":54,"column":4},"end":{"line":54,"column":78}},"52":{"start":{"line":54,"column":79},"end":{"line":54,"column":90}},"53":{"start":{"line":57,"column":4},"end":{"line":57,"column":178}},"54":{"start":{"line":57,"column":25},"end":{"line":57,"column":176}},"55":{"start":{"line":57,"column":84},"end":{"line":57,"column":104}},"56":{"start":{"line":57,"column":145},"end":{"line":57,"column":173}},"57":{"start":{"line":58,"column":4},"end":{"line":58,"column":48}},"58":{"start":{"line":58,"column":37},"end":{"line":58,"column":48}},"59":{"start":{"line":59,"column":4},"end":{"line":59,"column":40}},"60":{"start":{"line":59,"column":41},"end":{"line":59,"column":70}},"61":{"start":{"line":59,"column":71},"end":{"line":59,"column":88}},"62":{"start":{"line":61,"column":16},"end":{"line":61,"column":56}},"63":{"start":{"line":62,"column":27},"end":{"line":62,"column":112}},"64":{"start":{"line":62,"column":55},"end":{"line":62,"column":111}},"65":{"start":{"line":63,"column":18},"end":{"line":68,"column":3}},"66":{"start":{"line":64,"column":25},"end":{"line":64,"column":255}},"67":{"start":{"line":64,"column":46},"end":{"line":64,"column":253}},"68":{"start":{"line":64,"column":102},"end":{"line":64,"column":250}},"69":{"start":{"line":64,"column":203},"end":{"line":64,"column":213}},"70":{"start":{"line":65,"column":23},"end":{"line":65,"column":44}},"71":{"start":{"line":65,"column":45},"end":{"line":65,"column":72}},"72":{"start":{"line":65,"column":63},"end":{"line":65,"column":70}},"73":{"start":{"line":65,"column":73},"end":{"line":65,"column":95}},"74":{"start":{"line":66,"column":25},"end":{"line":66,"column":47}},"75":{"start":{"line":66,"column":48},"end":{"line":66,"column":80}},"76":{"start":{"line":67,"column":18},"end":{"line":67,"column":43}},"77":{"start":{"line":67,"column":44},"end":{"line":67,"column":62}},"78":{"start":{"line":67,"column":63},"end":{"line":67,"column":152}},"79":{"start":{"line":67,"column":81},"end":{"line":67,"column":152}},"80":{"start":{"line":69,"column":18},"end":{"line":69,"column":118}},"81":{"start":{"line":69,"column":50},"end":{"line":69,"column":114}},"82":{"start":{"line":69,"column":84},"end":{"line":69,"column":106}},"83":{"start":{"line":70,"column":20},"end":{"line":70,"column":167}},"84":{"start":{"line":70,"column":55},"end":{"line":70,"column":163}},"85":{"start":{"line":70,"column":89},"end":{"line":70,"column":155}},"86":{"start":{"line":71,"column":2},"end":{"line":71,"column":2539}},"87":{"start":{"line":71,"column":206},"end":{"line":71,"column":232}},"88":{"start":{"line":71,"column":226},"end":{"line":71,"column":231}},"89":{"start":{"line":71,"column":723},"end":{"line":71,"column":738}},"90":{"start":{"line":71,"column":817},"end":{"line":71,"column":1230}},"91":{"start":{"line":71,"column":1012},"end":{"line":71,"column":1042}},"92":{"start":{"line":71,"column":1090},"end":{"line":71,"column":1121}},"93":{"start":{"line":71,"column":1170},"end":{"line":71,"column":1198}},"94":{"start":{"line":71,"column":2216},"end":{"line":71,"column":2233}},"95":{"start":{"line":71,"column":2372},"end":{"line":71,"column":2401}},"96":{"start":{"line":71,"column":2402},"end":{"line":71,"column":2419}}},"fnMap":{"0":{"name":"load","decl":{"start":{"line":16,"column":9},"end":{"line":16,"column":13}},"loc":{"start":{"line":16,"column":16},"end":{"line":19,"column":1}},"line":16},"1":{"name":"App","decl":{"start":{"line":21,"column":24},"end":{"line":21,"column":27}},"loc":{"start":{"line":21,"column":30},"end":{"line":72,"column":1}},"line":21},"2":{"name":"(anonymous_2)","decl":{"start":{"line":25,"column":35},"end":{"line":25,"column":36}},"loc":{"start":{"line":25,"column":41},"end":{"line":25,"column":118}},"line":25},"3":{"name":"(anonymous_3)","decl":{"start":{"line":27,"column":37},"end":{"line":27,"column":38}},"loc":{"start":{"line":27,"column":43},"end":{"line":27,"column":52}},"line":27},"4":{"name":"(anonymous_4)","decl":{"start":{"line":28,"column":49},"end":{"line":28,"column":50}},"loc":{"start":{"line":28,"column":55},"end":{"line":28,"column":65}},"line":28},"5":{"name":"(anonymous_5)","decl":{"start":{"line":36,"column":25},"end":{"line":36,"column":26}},"loc":{"start":{"line":36,"column":36},"end":{"line":36,"column":117}},"line":36},"6":{"name":"(anonymous_6)","decl":{"start":{"line":36,"column":44},"end":{"line":36,"column":45}},"loc":{"start":{"line":36,"column":57},"end":{"line":36,"column":115}},"line":36},"7":{"name":"(anonymous_7)","decl":{"start":{"line":39,"column":12},"end":{"line":39,"column":13}},"loc":{"start":{"line":39,"column":18},"end":{"line":43,"column":3}},"line":39},"8":{"name":"(anonymous_8)","decl":{"start":{"line":42,"column":27},"end":{"line":42,"column":28}},"loc":{"start":{"line":42,"column":33},"end":{"line":42,"column":142}},"line":42},"9":{"name":"(anonymous_9)","decl":{"start":{"line":44,"column":12},"end":{"line":44,"column":13}},"loc":{"start":{"line":44,"column":18},"end":{"line":49,"column":3}},"line":44},"10":{"name":"(anonymous_10)","decl":{"start":{"line":45,"column":33},"end":{"line":45,"column":34}},"loc":{"start":{"line":45,"column":39},"end":{"line":45,"column":58}},"line":45},"11":{"name":"onHash","decl":{"start":{"line":46,"column":13},"end":{"line":46,"column":19}},"loc":{"start":{"line":46,"column":22},"end":{"line":46,"column":102}},"line":46},"12":{"name":"(anonymous_12)","decl":{"start":{"line":48,"column":11},"end":{"line":48,"column":12}},"loc":{"start":{"line":48,"column":17},"end":{"line":48,"column":94}},"line":48},"13":{"name":"navigate","decl":{"start":{"line":50,"column":11},"end":{"line":50,"column":19}},"loc":{"start":{"line":50,"column":26},"end":{"line":50,"column":85}},"line":50},"14":{"name":"clearForm","decl":{"start":{"line":51,"column":11},"end":{"line":51,"column":20}},"loc":{"start":{"line":51,"column":23},"end":{"line":51,"column":71}},"line":51},"15":{"name":"(anonymous_15)","decl":{"start":{"line":51,"column":54},"end":{"line":51,"column":55}},"loc":{"start":{"line":51,"column":61},"end":{"line":51,"column":68}},"line":51},"16":{"name":"save","decl":{"start":{"line":52,"column":11},"end":{"line":52,"column":15}},"loc":{"start":{"line":52,"column":26},"end":{"line":55,"column":3}},"line":52},"17":{"name":"(anonymous_17)","decl":{"start":{"line":53,"column":12},"end":{"line":53,"column":13}},"loc":{"start":{"line":53,"column":25},"end":{"line":53,"column":235}},"line":53},"18":{"name":"(anonymous_18)","decl":{"start":{"line":53,"column":90},"end":{"line":53,"column":91}},"loc":{"start":{"line":53,"column":95},"end":{"line":53,"column":143}},"line":53},"19":{"name":"confirmDelete","decl":{"start":{"line":56,"column":11},"end":{"line":56,"column":24}},"loc":{"start":{"line":56,"column":27},"end":{"line":60,"column":3}},"line":56},"20":{"name":"(anonymous_20)","decl":{"start":{"line":57,"column":12},"end":{"line":57,"column":13}},"loc":{"start":{"line":57,"column":25},"end":{"line":57,"column":176}},"line":57},"21":{"name":"(anonymous_21)","decl":{"start":{"line":57,"column":79},"end":{"line":57,"column":80}},"loc":{"start":{"line":57,"column":84},"end":{"line":57,"column":104}},"line":57},"22":{"name":"(anonymous_22)","decl":{"start":{"line":57,"column":140},"end":{"line":57,"column":141}},"loc":{"start":{"line":57,"column":145},"end":{"line":57,"column":173}},"line":57},"23":{"name":"(anonymous_23)","decl":{"start":{"line":62,"column":50},"end":{"line":62,"column":51}},"loc":{"start":{"line":62,"column":55},"end":{"line":62,"column":111}},"line":62},"24":{"name":"(anonymous_24)","decl":{"start":{"line":64,"column":4},"end":{"line":64,"column":5}},"loc":{"start":{"line":64,"column":23},"end":{"line":64,"column":257}},"line":64},"25":{"name":"(anonymous_25)","decl":{"start":{"line":64,"column":33},"end":{"line":64,"column":34}},"loc":{"start":{"line":64,"column":46},"end":{"line":64,"column":253}},"line":64},"26":{"name":"(anonymous_26)","decl":{"start":{"line":64,"column":97},"end":{"line":64,"column":98}},"loc":{"start":{"line":64,"column":102},"end":{"line":64,"column":250}},"line":64},"27":{"name":"(anonymous_27)","decl":{"start":{"line":64,"column":198},"end":{"line":64,"column":199}},"loc":{"start":{"line":64,"column":203},"end":{"line":64,"column":213}},"line":64},"28":{"name":"(anonymous_28)","decl":{"start":{"line":65,"column":4},"end":{"line":65,"column":5}},"loc":{"start":{"line":65,"column":21},"end":{"line":65,"column":97}},"line":65},"29":{"name":"(anonymous_29)","decl":{"start":{"line":65,"column":56},"end":{"line":65,"column":57}},"loc":{"start":{"line":65,"column":63},"end":{"line":65,"column":70}},"line":65},"30":{"name":"(anonymous_30)","decl":{"start":{"line":66,"column":4},"end":{"line":66,"column":5}},"loc":{"start":{"line":66,"column":23},"end":{"line":66,"column":82}},"line":66},"31":{"name":"(anonymous_31)","decl":{"start":{"line":67,"column":4},"end":{"line":67,"column":5}},"loc":{"start":{"line":67,"column":16},"end":{"line":67,"column":154}},"line":67},"32":{"name":"(anonymous_32)","decl":{"start":{"line":69,"column":31},"end":{"line":69,"column":32}},"loc":{"start":{"line":69,"column":50},"end":{"line":69,"column":114}},"line":69},"33":{"name":"(anonymous_33)","decl":{"start":{"line":69,"column":79},"end":{"line":69,"column":80}},"loc":{"start":{"line":69,"column":84},"end":{"line":69,"column":106}},"line":69},"34":{"name":"(anonymous_34)","decl":{"start":{"line":70,"column":33},"end":{"line":70,"column":34}},"loc":{"start":{"line":70,"column":55},"end":{"line":70,"column":163}},"line":70},"35":{"name":"(anonymous_35)","decl":{"start":{"line":70,"column":84},"end":{"line":70,"column":85}},"loc":{"start":{"line":70,"column":89},"end":{"line":70,"column":155}},"line":70},"36":{"name":"(anonymous_36)","decl":{"start":{"line":71,"column":200},"end":{"line":71,"column":201}},"loc":{"start":{"line":71,"column":206},"end":{"line":71,"column":232}},"line":71},"37":{"name":"(anonymous_37)","decl":{"start":{"line":71,"column":218},"end":{"line":71,"column":219}},"loc":{"start":{"line":71,"column":226},"end":{"line":71,"column":231}},"line":71},"38":{"name":"(anonymous_38)","decl":{"start":{"line":71,"column":717},"end":{"line":71,"column":718}},"loc":{"start":{"line":71,"column":723},"end":{"line":71,"column":738}},"line":71},"39":{"name":"(anonymous_39)","decl":{"start":{"line":71,"column":807},"end":{"line":71,"column":808}},"loc":{"start":{"line":71,"column":817},"end":{"line":71,"column":1230}},"line":71},"40":{"name":"(anonymous_40)","decl":{"start":{"line":71,"column":1006},"end":{"line":71,"column":1007}},"loc":{"start":{"line":71,"column":1012},"end":{"line":71,"column":1042}},"line":71},"41":{"name":"(anonymous_41)","decl":{"start":{"line":71,"column":1084},"end":{"line":71,"column":1085}},"loc":{"start":{"line":71,"column":1090},"end":{"line":71,"column":1121}},"line":71},"42":{"name":"(anonymous_42)","decl":{"start":{"line":71,"column":1164},"end":{"line":71,"column":1165}},"loc":{"start":{"line":71,"column":1170},"end":{"line":71,"column":1198}},"line":71},"43":{"name":"(anonymous_43)","decl":{"start":{"line":71,"column":2210},"end":{"line":71,"column":2211}},"loc":{"start":{"line":71,"column":2216},"end":{"line":71,"column":2233}},"line":71},"44":{"name":"(anonymous_44)","decl":{"start":{"line":71,"column":2364},"end":{"line":71,"column":2365}},"loc":{"start":{"line":71,"column":2370},"end":{"line":71,"column":2421}},"line":71}},"branchMap":{"0":{"loc":{"start":{"line":25,"column":41},"end":{"line":25,"column":118}},"type":"cond-expr","locations":[{"start":{"line":25,"column":82},"end":{"line":25,"column":104}},{"start":{"line":25,"column":107},"end":{"line":25,"column":118}}],"line":25},"1":{"loc":{"start":{"line":40,"column":4},"end":{"line":40,"column":29}},"type":"if","locations":[{"start":{"line":40,"column":4},"end":{"line":40,"column":29}},{"start":{},"end":{}}],"line":40},"2":{"loc":{"start":{"line":46,"column":61},"end":{"line":46,"column":100}},"type":"if","locations":[{"start":{"line":46,"column":61},"end":{"line":46,"column":100}},{"start":{},"end":{}}],"line":46},"3":{"loc":{"start":{"line":53,"column":52},"end":{"line":53,"column":233}},"type":"cond-expr","locations":[{"start":{"line":53,"column":66},"end":{"line":53,"column":144}},{"start":{"line":53,"column":147},"end":{"line":53,"column":233}}],"line":53},"4":{"loc":{"start":{"line":53,"column":95},"end":{"line":53,"column":143}},"type":"cond-expr","locations":[{"start":{"line":53,"column":118},"end":{"line":53,"column":139}},{"start":{"line":53,"column":142},"end":{"line":53,"column":143}}],"line":53},"5":{"loc":{"start":{"line":54,"column":16},"end":{"line":54,"column":76}},"type":"cond-expr","locations":[{"start":{"line":54,"column":30},"end":{"line":54,"column":54}},{"start":{"line":54,"column":57},"end":{"line":54,"column":76}}],"line":54},"6":{"loc":{"start":{"line":58,"column":4},"end":{"line":58,"column":48}},"type":"if","locations":[{"start":{"line":58,"column":4},"end":{"line":58,"column":48}},{"start":{},"end":{}}],"line":58},"7":{"loc":{"start":{"line":64,"column":102},"end":{"line":64,"column":250}},"type":"cond-expr","locations":[{"start":{"line":64,"column":116},"end":{"line":64,"column":246}},{"start":{"line":64,"column":249},"end":{"line":64,"column":250}}],"line":64},"8":{"loc":{"start":{"line":64,"column":140},"end":{"line":64,"column":244}},"type":"cond-expr","locations":[{"start":{"line":64,"column":174},"end":{"line":64,"column":214}},{"start":{"line":64,"column":217},"end":{"line":64,"column":244}}],"line":64},"9":{"loc":{"start":{"line":67,"column":63},"end":{"line":67,"column":152}},"type":"if","locations":[{"start":{"line":67,"column":63},"end":{"line":67,"column":152}},{"start":{},"end":{}}],"line":67},"10":{"loc":{"start":{"line":70,"column":89},"end":{"line":70,"column":155}},"type":"binary-expr","locations":[{"start":{"line":70,"column":89},"end":{"line":70,"column":111}},{"start":{"line":70,"column":115},"end":{"line":70,"column":155}}],"line":70},"11":{"loc":{"start":{"line":71,"column":102},"end":{"line":71,"column":153}},"type":"cond-expr","locations":[{"start":{"line":71,"column":112},"end":{"line":71,"column":149}},{"start":{"line":71,"column":152},"end":{"line":71,"column":153}}],"line":71},"12":{"loc":{"start":{"line":71,"column":369},"end":{"line":71,"column":437}},"type":"binary-expr","locations":[{"start":{"line":71,"column":369},"end":{"line":71,"column":381}},{"start":{"line":71,"column":385},"end":{"line":71,"column":437}}],"line":71},"13":{"loc":{"start":{"line":71,"column":439},"end":{"line":71,"column":636}},"type":"binary-expr","locations":[{"start":{"line":71,"column":439},"end":{"line":71,"column":472}},{"start":{"line":71,"column":476},"end":{"line":71,"column":636}}],"line":71},"14":{"loc":{"start":{"line":71,"column":638},"end":{"line":71,"column":784}},"type":"binary-expr","locations":[{"start":{"line":71,"column":638},"end":{"line":71,"column":646}},{"start":{"line":71,"column":650},"end":{"line":71,"column":784}}],"line":71},"15":{"loc":{"start":{"line":71,"column":1233},"end":{"line":71,"column":1384}},"type":"binary-expr","locations":[{"start":{"line":71,"column":1233},"end":{"line":71,"column":1253}},{"start":{"line":71,"column":1257},"end":{"line":71,"column":1384}}],"line":71},"16":{"loc":{"start":{"line":71,"column":1386},"end":{"line":71,"column":1534}},"type":"binary-expr","locations":[{"start":{"line":71,"column":1386},"end":{"line":71,"column":1401}},{"start":{"line":71,"column":1405},"end":{"line":71,"column":1534}}],"line":71},"17":{"loc":{"start":{"line":71,"column":1536},"end":{"line":71,"column":1830}},"type":"binary-expr","locations":[{"start":{"line":71,"column":1536},"end":{"line":71,"column":1557}},{"start":{"line":71,"column":1561},"end":{"line":71,"column":1830}}],"line":71},"18":{"loc":{"start":{"line":71,"column":1769},"end":{"line":71,"column":1826}},"type":"cond-expr","locations":[{"start":{"line":71,"column":1788},"end":{"line":71,"column":1793}},{"start":{"line":71,"column":1796},"end":{"line":71,"column":1826}}],"line":71},"19":{"loc":{"start":{"line":71,"column":1832},"end":{"line":71,"column":1929}},"type":"binary-expr","locations":[{"start":{"line":71,"column":1832},"end":{"line":71,"column":1848}},{"start":{"line":71,"column":1852},"end":{"line":71,"column":1929}}],"line":71},"20":{"loc":{"start":{"line":71,"column":1931},"end":{"line":71,"column":2033}},"type":"binary-expr","locations":[{"start":{"line":71,"column":1931},"end":{"line":71,"column":1947}},{"start":{"line":71,"column":1951},"end":{"line":71,"column":2033}}],"line":71}},"s":{"0":2,"1":2,"2":0,"3":1,"4":8,"5":8,"6":8,"7":8,"8":2,"9":8,"10":8,"11":2,"12":8,"13":2,"14":8,"15":8,"16":8,"17":8,"18":8,"19":8,"20":8,"21":8,"22":0,"23":0,"24":8,"25":8,"26":4,"27":0,"28":4,"29":4,"30":0,"31":0,"32":8,"33":2,"34":0,"35":0,"36":0,"37":0,"38":2,"39":2,"40":2,"41":2,"42":1,"43":1,"44":1,"45":1,"46":1,"47":1,"48":1,"49":1,"50":0,"51":1,"52":1,"53":1,"54":1,"55":6,"56":0,"57":1,"58":0,"59":1,"60":1,"61":1,"62":8,"63":8,"64":45,"65":8,"66":0,"67":0,"68":0,"69":0,"70":0,"71":0,"72":0,"73":0,"74":2,"75":2,"76":0,"77":0,"78":0,"79":0,"80":8,"81":56,"82":315,"83":8,"84":56,"85":315,"86":8,"87":0,"88":0,"89":0,"90":0,"91":0,"92":0,"93":0,"94":0,"95":1,"96":1},"f":{"0":2,"1":8,"2":2,"3":2,"4":2,"5":0,"6":0,"7":4,"8":0,"9":2,"10":0,"11":0,"12":2,"13":1,"14":1,"15":1,"16":1,"17":1,"18":0,"19":1,"20":1,"21":6,"22":0,"23":45,"24":0,"25":0,"26":0,"27":0,"28":0,"29":0,"30":2,"31":0,"32":56,"33":315,"34":56,"35":315,"36":0,"37":0,"38":0,"39":0,"40":0,"41":0,"42":0,"43":0,"44":1},"b":{"0":[1,1],"1":[0,4],"2":[0,0],"3":[0,1],"4":[0,0],"5":[0,1],"6":[0,1],"7":[0,0],"8":[0,0],"9":[0,0],"10":[315,257],"11":[8,0],"12":[8,0],"13":[8,0],"14":[8,2],"15":[8,1],"16":[8,0],"17":[8,7],"18":[7,0],"19":[8,0],"20":[8,0]},"_coverageSchema":"1a1c01bbd47fc00a2c39e90264f33305004495a9","hash":"d483e6d12ba3d490e8f0d0a877000930b1c58029"}
,"C:\\Users\\Latitude 5490\\Desktop\\practicas de progra\\practicas semana 7\\15-Jest\\daily-planner\\daily-planner\\src\\testStyles.js": {"path":"C:\\Users\\Latitude 5490\\Desktop\\practicas de progra\\practicas semana 7\\15-Jest\\daily-planner\\daily-planner\\src\\testStyles.js","statementMap":{},"fnMap":{},"branchMap":{},"s":{},"f":{},"b":{},"_coverageSchema":"1a1c01bbd47fc00a2c39e90264f33305004495a9","hash":"a2f5bdfe2e84d82662f1e1adf7fdbd94ee7b3f62"}
,"C:\\Users\\Latitude 5490\\Desktop\\practicas de progra\\practicas semana 7\\15-Jest\\daily-planner\\daily-planner\\src\\Components\\DailySummary.jsx": {"path":"C:\\Users\\Latitude 5490\\Desktop\\practicas de progra\\practicas semana 7\\15-Jest\\daily-planner\\daily-planner\\src\\Components\\DailySummary.jsx","statementMap":{"0":{"start":{"line":2,"column":15},"end":{"line":2,"column":77}},"1":{"start":{"line":2,"column":38},"end":{"line":2,"column":69}},"2":{"start":{"line":3,"column":16},"end":{"line":3,"column":131}},"3":{"start":{"line":3,"column":48},"end":{"line":3,"column":85}},"4":{"start":{"line":3,"column":106},"end":{"line":3,"column":121}},"5":{"start":{"line":4,"column":15},"end":{"line":4,"column":130}},"6":{"start":{"line":4,"column":47},"end":{"line":4,"column":84}},"7":{"start":{"line":4,"column":105},"end":{"line":4,"column":120}},"8":{"start":{"line":5,"column":16},"end":{"line":5,"column":212}},"9":{"start":{"line":6,"column":2},"end":{"line":6,"column":310}},"10":{"start":{"line":6,"column":107},"end":{"line":6,"column":302}}},"fnMap":{"0":{"name":"DailySummary","decl":{"start":{"line":1,"column":24},"end":{"line":1,"column":36}},"loc":{"start":{"line":1,"column":86},"end":{"line":7,"column":1}},"line":1},"1":{"name":"(anonymous_1)","decl":{"start":{"line":2,"column":33},"end":{"line":2,"column":34}},"loc":{"start":{"line":2,"column":38},"end":{"line":2,"column":69}},"line":2},"2":{"name":"(anonymous_2)","decl":{"start":{"line":3,"column":43},"end":{"line":3,"column":44}},"loc":{"start":{"line":3,"column":48},"end":{"line":3,"column":85}},"line":3},"3":{"name":"(anonymous_3)","decl":{"start":{"line":3,"column":94},"end":{"line":3,"column":95}},"loc":{"start":{"line":3,"column":106},"end":{"line":3,"column":121}},"line":3},"4":{"name":"(anonymous_4)","decl":{"start":{"line":4,"column":42},"end":{"line":4,"column":43}},"loc":{"start":{"line":4,"column":47},"end":{"line":4,"column":84}},"line":4},"5":{"name":"(anonymous_5)","decl":{"start":{"line":4,"column":93},"end":{"line":4,"column":94}},"loc":{"start":{"line":4,"column":105},"end":{"line":4,"column":120}},"line":4},"6":{"name":"(anonymous_6)","decl":{"start":{"line":6,"column":80},"end":{"line":6,"column":81}},"loc":{"start":{"line":6,"column":107},"end":{"line":6,"column":302}},"line":6}},"branchMap":{"0":{"loc":{"start":{"line":1,"column":67},"end":{"line":1,"column":82}},"type":"default-arg","locations":[{"start":{"line":1,"column":77},"end":{"line":1,"column":82}}],"line":1},"1":{"loc":{"start":{"line":3,"column":48},"end":{"line":3,"column":85}},"type":"binary-expr","locations":[{"start":{"line":3,"column":48},"end":{"line":3,"column":63}},{"start":{"line":3,"column":67},"end":{"line":3,"column":85}}],"line":3},"2":{"loc":{"start":{"line":4,"column":47},"end":{"line":4,"column":84}},"type":"binary-expr","locations":[{"start":{"line":4,"column":47},"end":{"line":4,"column":62}},{"start":{"line":4,"column":66},"end":{"line":4,"column":84}}],"line":4},"3":{"loc":{"start":{"line":6,"column":41},"end":{"line":6,"column":65}},"type":"cond-expr","locations":[{"start":{"line":6,"column":51},"end":{"line":6,"column":60}},{"start":{"line":6,"column":63},"end":{"line":6,"column":65}}],"line":6},"4":{"loc":{"start":{"line":6,"column":213},"end":{"line":6,"column":287}},"type":"cond-expr","locations":[{"start":{"line":6,"column":239},"end":{"line":6,"column":267}},{"start":{"line":6,"column":270},"end":{"line":6,"column":287}}],"line":6}},"s":{"0":3,"1":11,"2":3,"3":2,"4":1,"5":3,"6":2,"7":0,"8":3,"9":3,"10":12},"f":{"0":3,"1":11,"2":2,"3":1,"4":2,"5":0,"6":12},"b":{"0":[3],"1":[2,1],"2":[2,1],"3":[0,3],"4":[3,9]},"_coverageSchema":"1a1c01bbd47fc00a2c39e90264f33305004495a9","hash":"463581548cdaf7283f0a6a2c6e700b6b37e489bc"}
,"C:\\Users\\Latitude 5490\\Desktop\\practicas de progra\\practicas semana 7\\15-Jest\\daily-planner\\daily-planner\\src\\Components\\Header.jsx": {"path":"C:\\Users\\Latitude 5490\\Desktop\\practicas de progra\\practicas semana 7\\15-Jest\\daily-planner\\daily-planner\\src\\Components\\Header.jsx","statementMap":{"0":{"start":{"line":2,"column":2},"end":{"line":2,"column":640}}},"fnMap":{"0":{"name":"Header","decl":{"start":{"line":1,"column":24},"end":{"line":1,"column":30}},"loc":{"start":{"line":1,"column":86},"end":{"line":3,"column":1}},"line":1}},"branchMap":{"0":{"loc":{"start":{"line":2,"column":282},"end":{"line":2,"column":359}},"type":"cond-expr","locations":[{"start":{"line":2,"column":297},"end":{"line":2,"column":318}},{"start":{"line":2,"column":321},"end":{"line":2,"column":359}}],"line":2},"1":{"loc":{"start":{"line":2,"column":442},"end":{"line":2,"column":621}},"type":"cond-expr","locations":[{"start":{"line":2,"column":469},"end":{"line":2,"column":487}},{"start":{"line":2,"column":490},"end":{"line":2,"column":621}}],"line":2},"2":{"loc":{"start":{"line":2,"column":490},"end":{"line":2,"column":621}},"type":"cond-expr","locations":[{"start":{"line":2,"column":516},"end":{"line":2,"column":535}},{"start":{"line":2,"column":538},"end":{"line":2,"column":621}}],"line":2},"3":{"loc":{"start":{"line":2,"column":538},"end":{"line":2,"column":621}},"type":"cond-expr","locations":[{"start":{"line":2,"column":569},"end":{"line":2,"column":594}},{"start":{"line":2,"column":597},"end":{"line":2,"column":621}}],"line":2}},"s":{"0":9},"f":{"0":9},"b":{"0":[0,9],"1":[0,9],"2":[0,9],"3":[8,1]},"_coverageSchema":"1a1c01bbd47fc00a2c39e90264f33305004495a9","hash":"0970cd281ab69c8235b553ccebea19b407618795"}
,"C:\\Users\\Latitude 5490\\Desktop\\practicas de progra\\practicas semana 7\\15-Jest\\daily-planner\\daily-planner\\src\\Components\\RoutineForm.jsx": {"path":"C:\\Users\\Latitude 5490\\Desktop\\practicas de progra\\practicas semana 7\\15-Jest\\daily-planner\\daily-planner\\src\\Components\\RoutineForm.jsx","statementMap":{"0":{"start":{"line":4,"column":26},"end":{"line":4,"column":156}},"1":{"start":{"line":5,"column":28},"end":{"line":5,"column":40}},"2":{"start":{"line":6,"column":34},"end":{"line":6,"column":88}},"3":{"start":{"line":6,"column":55},"end":{"line":6,"column":86}},"4":{"start":{"line":7,"column":27},"end":{"line":7,"column":50}},"5":{"start":{"line":7,"column":67},"end":{"line":7,"column":89}},"6":{"start":{"line":7,"column":91},"end":{"line":7,"column":109}},"7":{"start":{"line":7,"column":110},"end":{"line":7,"column":169}},"8":{"start":{"line":7,"column":124},"end":{"line":7,"column":169}},"9":{"start":{"line":8,"column":2},"end":{"line":8,"column":2032}},"10":{"start":{"line":8,"column":315},"end":{"line":8,"column":346}},"11":{"start":{"line":8,"column":533},"end":{"line":8,"column":733}},"12":{"start":{"line":8,"column":684},"end":{"line":8,"column":712}},"13":{"start":{"line":8,"column":862},"end":{"line":8,"column":893}},"14":{"start":{"line":8,"column":982},"end":{"line":8,"column":1011}},"15":{"start":{"line":8,"column":1129},"end":{"line":8,"column":1432}},"16":{"start":{"line":8,"column":1302},"end":{"line":8,"column":1404}},"17":{"start":{"line":8,"column":1367},"end":{"line":8,"column":1378}},"18":{"start":{"line":8,"column":1515},"end":{"line":8,"column":1549}},"19":{"start":{"line":8,"column":1665},"end":{"line":8,"column":1729}}},"fnMap":{"0":{"name":"RoutineForm","decl":{"start":{"line":3,"column":24},"end":{"line":3,"column":35}},"loc":{"start":{"line":3,"column":68},"end":{"line":9,"column":1}},"line":3},"1":{"name":"change","decl":{"start":{"line":6,"column":11},"end":{"line":6,"column":17}},"loc":{"start":{"line":6,"column":32},"end":{"line":6,"column":90}},"line":6},"2":{"name":"(anonymous_2)","decl":{"start":{"line":6,"column":42},"end":{"line":6,"column":43}},"loc":{"start":{"line":6,"column":55},"end":{"line":6,"column":86}},"line":6},"3":{"name":"submit","decl":{"start":{"line":7,"column":11},"end":{"line":7,"column":17}},"loc":{"start":{"line":7,"column":25},"end":{"line":7,"column":171}},"line":7},"4":{"name":"(anonymous_4)","decl":{"start":{"line":8,"column":310},"end":{"line":8,"column":311}},"loc":{"start":{"line":8,"column":315},"end":{"line":8,"column":346}},"line":8},"5":{"name":"(anonymous_5)","decl":{"start":{"line":8,"column":521},"end":{"line":8,"column":522}},"loc":{"start":{"line":8,"column":533},"end":{"line":8,"column":733}},"line":8},"6":{"name":"(anonymous_6)","decl":{"start":{"line":8,"column":678},"end":{"line":8,"column":679}},"loc":{"start":{"line":8,"column":684},"end":{"line":8,"column":712}},"line":8},"7":{"name":"(anonymous_7)","decl":{"start":{"line":8,"column":857},"end":{"line":8,"column":858}},"loc":{"start":{"line":8,"column":862},"end":{"line":8,"column":893}},"line":8},"8":{"name":"(anonymous_8)","decl":{"start":{"line":8,"column":977},"end":{"line":8,"column":978}},"loc":{"start":{"line":8,"column":982},"end":{"line":8,"column":1011}},"line":8},"9":{"name":"(anonymous_9)","decl":{"start":{"line":8,"column":1113},"end":{"line":8,"column":1114}},"loc":{"start":{"line":8,"column":1129},"end":{"line":8,"column":1432}},"line":8},"10":{"name":"(anonymous_10)","decl":{"start":{"line":8,"column":1296},"end":{"line":8,"column":1297}},"loc":{"start":{"line":8,"column":1302},"end":{"line":8,"column":1404}},"line":8},"11":{"name":"(anonymous_11)","decl":{"start":{"line":8,"column":1362},"end":{"line":8,"column":1363}},"loc":{"start":{"line":8,"column":1367},"end":{"line":8,"column":1378}},"line":8},"12":{"name":"(anonymous_12)","decl":{"start":{"line":8,"column":1510},"end":{"line":8,"column":1511}},"loc":{"start":{"line":8,"column":1515},"end":{"line":8,"column":1549}},"line":8},"13":{"name":"(anonymous_13)","decl":{"start":{"line":8,"column":1656},"end":{"line":8,"column":1657}},"loc":{"start":{"line":8,"column":1665},"end":{"line":8,"column":1729}},"line":8}},"branchMap":{"0":{"loc":{"start":{"line":4,"column":35},"end":{"line":4,"column":155}},"type":"binary-expr","locations":[{"start":{"line":4,"column":35},"end":{"line":4,"column":43}},{"start":{"line":4,"column":47},"end":{"line":4,"column":155}}],"line":4},"1":{"loc":{"start":{"line":7,"column":110},"end":{"line":7,"column":169}},"type":"if","locations":[{"start":{"line":7,"column":110},"end":{"line":7,"column":169}},{"start":{},"end":{}}],"line":7},"2":{"loc":{"start":{"line":8,"column":106},"end":{"line":8,"column":153}},"type":"cond-expr","locations":[{"start":{"line":8,"column":117},"end":{"line":8,"column":132}},{"start":{"line":8,"column":135},"end":{"line":8,"column":153}}],"line":8},"3":{"loc":{"start":{"line":8,"column":581},"end":{"line":8,"column":625}},"type":"cond-expr","locations":[{"start":{"line":8,"column":610},"end":{"line":8,"column":620}},{"start":{"line":8,"column":623},"end":{"line":8,"column":625}}],"line":8},"4":{"loc":{"start":{"line":8,"column":1242},"end":{"line":8,"column":1285}},"type":"cond-expr","locations":[{"start":{"line":8,"column":1270},"end":{"line":8,"column":1280}},{"start":{"line":8,"column":1283},"end":{"line":8,"column":1285}}],"line":8},"5":{"loc":{"start":{"line":8,"column":1317},"end":{"line":8,"column":1403}},"type":"cond-expr","locations":[{"start":{"line":8,"column":1345},"end":{"line":8,"column":1379}},{"start":{"line":8,"column":1382},"end":{"line":8,"column":1403}}],"line":8},"6":{"loc":{"start":{"line":8,"column":1749},"end":{"line":8,"column":1803}},"type":"binary-expr","locations":[{"start":{"line":8,"column":1749},"end":{"line":8,"column":1754}},{"start":{"line":8,"column":1758},"end":{"line":8,"column":1803}}],"line":8},"7":{"loc":{"start":{"line":8,"column":1872},"end":{"line":8,"column":1924}},"type":"cond-expr","locations":[{"start":{"line":8,"column":1883},"end":{"line":8,"column":1900}},{"start":{"line":8,"column":1903},"end":{"line":8,"column":1924}}],"line":8},"8":{"loc":{"start":{"line":8,"column":1976},"end":{"line":8,"column":2009}},"type":"cond-expr","locations":[{"start":{"line":8,"column":1987},"end":{"line":8,"column":1997}},{"start":{"line":8,"column":2000},"end":{"line":8,"column":2009}}],"line":8}},"s":{"0":16,"1":16,"2":3,"3":3,"4":3,"5":3,"6":3,"7":3,"8":2,"9":16,"10":2,"11":96,"12":0,"13":0,"14":1,"15":112,"16":0,"17":0,"18":0,"19":48},"f":{"0":16,"1":3,"2":3,"3":3,"4":2,"5":96,"6":0,"7":0,"8":1,"9":112,"10":0,"11":0,"12":0,"13":48},"b":{"0":[16,13],"1":[2,1],"2":[3,13],"3":[16,80],"4":[80,32],"5":[0,0],"6":[16,1],"7":[3,13],"8":[3,13]},"_coverageSchema":"1a1c01bbd47fc00a2c39e90264f33305004495a9","hash":"9e7fb4fc87bf192287654b7febd133e3d2681bdd"}
,"C:\\Users\\Latitude 5490\\Desktop\\practicas de progra\\practicas semana 7\\15-Jest\\daily-planner\\daily-planner\\src\\Components\\RoutineItem.jsx": {"path":"C:\\Users\\Latitude 5490\\Desktop\\practicas de progra\\practicas semana 7\\15-Jest\\daily-planner\\daily-planner\\src\\Components\\RoutineItem.jsx","statementMap":{"0":{"start":{"line":3,"column":20},"end":{"line":3,"column":58}},"1":{"start":{"line":4,"column":2},"end":{"line":4,"column":1006}},"2":{"start":{"line":4,"column":166},"end":{"line":4,"column":193}},"3":{"start":{"line":4,"column":422},"end":{"line":4,"column":443}},"4":{"start":{"line":4,"column":731},"end":{"line":4,"column":751}},"5":{"start":{"line":4,"column":827},"end":{"line":4,"column":843}},"6":{"start":{"line":4,"column":918},"end":{"line":4,"column":936}}},"fnMap":{"0":{"name":"RoutineItem","decl":{"start":{"line":2,"column":24},"end":{"line":2,"column":35}},"loc":{"start":{"line":2,"column":93},"end":{"line":5,"column":1}},"line":2},"1":{"name":"(anonymous_1)","decl":{"start":{"line":4,"column":160},"end":{"line":4,"column":161}},"loc":{"start":{"line":4,"column":166},"end":{"line":4,"column":193}},"line":4},"2":{"name":"(anonymous_2)","decl":{"start":{"line":4,"column":415},"end":{"line":4,"column":416}},"loc":{"start":{"line":4,"column":422},"end":{"line":4,"column":443}},"line":4},"3":{"name":"(anonymous_3)","decl":{"start":{"line":4,"column":725},"end":{"line":4,"column":726}},"loc":{"start":{"line":4,"column":731},"end":{"line":4,"column":751}},"line":4},"4":{"name":"(anonymous_4)","decl":{"start":{"line":4,"column":821},"end":{"line":4,"column":822}},"loc":{"start":{"line":4,"column":827},"end":{"line":4,"column":843}},"line":4},"5":{"name":"(anonymous_5)","decl":{"start":{"line":4,"column":912},"end":{"line":4,"column":913}},"loc":{"start":{"line":4,"column":918},"end":{"line":4,"column":936}},"line":4}},"branchMap":{"0":{"loc":{"start":{"line":4,"column":75},"end":{"line":4,"column":103}},"type":"cond-expr","locations":[{"start":{"line":4,"column":87},"end":{"line":4,"column":98}},{"start":{"line":4,"column":101},"end":{"line":4,"column":103}}],"line":4},"1":{"loc":{"start":{"line":4,"column":476},"end":{"line":4,"column":514}},"type":"cond-expr","locations":[{"start":{"line":4,"column":488},"end":{"line":4,"column":500}},{"start":{"line":4,"column":503},"end":{"line":4,"column":514}}],"line":4},"2":{"loc":{"start":{"line":4,"column":519},"end":{"line":4,"column":663}},"type":"cond-expr","locations":[{"start":{"line":4,"column":549},"end":{"line":4,"column":567}},{"start":{"line":4,"column":570},"end":{"line":4,"column":663}}],"line":4},"3":{"loc":{"start":{"line":4,"column":570},"end":{"line":4,"column":663}},"type":"cond-expr","locations":[{"start":{"line":4,"column":598},"end":{"line":4,"column":622}},{"start":{"line":4,"column":625},"end":{"line":4,"column":663}}],"line":4}},"s":{"0":62,"1":62,"2":1,"3":356,"4":0,"5":1,"6":3},"f":{"0":62,"1":1,"2":356,"3":0,"4":1,"5":3},"b":{"0":[0,62],"1":[0,62],"2":[0,62],"3":[0,62]},"_coverageSchema":"1a1c01bbd47fc00a2c39e90264f33305004495a9","hash":"989cc18740c180a08bf9db36e27a257d484e6977"}
,"C:\\Users\\Latitude 5490\\Desktop\\practicas de progra\\practicas semana 7\\15-Jest\\daily-planner\\daily-planner\\src\\Components\\RoutineList.jsx": {"path":"C:\\Users\\Latitude 5490\\Desktop\\practicas de progra\\practicas semana 7\\15-Jest\\daily-planner\\daily-planner\\src\\Components\\RoutineList.jsx","statementMap":{"0":{"start":{"line":4,"column":2},"end":{"line":4,"column":326}},"1":{"start":{"line":4,"column":96},"end":{"line":4,"column":162}}},"fnMap":{"0":{"name":"RoutineList","decl":{"start":{"line":3,"column":24},"end":{"line":3,"column":35}},"loc":{"start":{"line":3,"column":64},"end":{"line":5,"column":1}},"line":3},"1":{"name":"(anonymous_1)","decl":{"start":{"line":4,"column":84},"end":{"line":4,"column":85}},"loc":{"start":{"line":4,"column":96},"end":{"line":4,"column":162}},"line":4}},"branchMap":{"0":{"loc":{"start":{"line":4,"column":40},"end":{"line":4,"column":319}},"type":"cond-expr","locations":[{"start":{"line":4,"column":60},"end":{"line":4,"column":163}},{"start":{"line":4,"column":166},"end":{"line":4,"column":319}}],"line":4}},"s":{"0":14,"1":61},"f":{"0":14,"1":61},"b":{"0":[12,2]},"_coverageSchema":"1a1c01bbd47fc00a2c39e90264f33305004495a9","hash":"94907a1959a6f9f1e7f17b99dc4d8b9c68f9590d"}
,"C:\\Users\\Latitude 5490\\Desktop\\practicas de progra\\practicas semana 7\\15-Jest\\daily-planner\\daily-planner\\src\\Components\\Sidebar.jsx": {"path":"C:\\Users\\Latitude 5490\\Desktop\\practicas de progra\\practicas semana 7\\15-Jest\\daily-planner\\daily-planner\\src\\Components\\Sidebar.jsx","statementMap":{"0":{"start":{"line":2,"column":14},"end":{"line":2,"column":180}},"1":{"start":{"line":4,"column":2},"end":{"line":4,"column":822}},"2":{"start":{"line":4,"column":117},"end":{"line":4,"column":138}},"3":{"start":{"line":4,"column":343},"end":{"line":4,"column":531}},"4":{"start":{"line":4,"column":415},"end":{"line":4,"column":427}}},"fnMap":{"0":{"name":"Sidebar","decl":{"start":{"line":3,"column":24},"end":{"line":3,"column":31}},"loc":{"start":{"line":3,"column":67},"end":{"line":5,"column":1}},"line":3},"1":{"name":"(anonymous_1)","decl":{"start":{"line":4,"column":111},"end":{"line":4,"column":112}},"loc":{"start":{"line":4,"column":117},"end":{"line":4,"column":138}},"line":4},"2":{"name":"(anonymous_2)","decl":{"start":{"line":4,"column":320},"end":{"line":4,"column":321}},"loc":{"start":{"line":4,"column":343},"end":{"line":4,"column":531}},"line":4},"3":{"name":"(anonymous_3)","decl":{"start":{"line":4,"column":409},"end":{"line":4,"column":410}},"loc":{"start":{"line":4,"column":415},"end":{"line":4,"column":427}},"line":4}},"branchMap":{"0":{"loc":{"start":{"line":4,"column":38},"end":{"line":4,"column":59}},"type":"cond-expr","locations":[{"start":{"line":4,"column":45},"end":{"line":4,"column":54}},{"start":{"line":4,"column":57},"end":{"line":4,"column":59}}],"line":4},"1":{"loc":{"start":{"line":4,"column":371},"end":{"line":4,"column":398}},"type":"cond-expr","locations":[{"start":{"line":4,"column":385},"end":{"line":4,"column":393}},{"start":{"line":4,"column":396},"end":{"line":4,"column":398}}],"line":4},"2":{"loc":{"start":{"line":4,"column":443},"end":{"line":4,"column":475}},"type":"cond-expr","locations":[{"start":{"line":4,"column":457},"end":{"line":4,"column":463}},{"start":{"line":4,"column":466},"end":{"line":4,"column":475}}],"line":4}},"s":{"0":2,"1":9,"2":0,"3":45,"4":2},"f":{"0":9,"1":0,"2":45,"3":2},"b":{"0":[1,8],"1":[9,36],"2":[9,36]},"_coverageSchema":"1a1c01bbd47fc00a2c39e90264f33305004495a9","hash":"1ef1988e6fd1bd5cb6158c194d03ce25a2573d81"}
,"C:\\Users\\Latitude 5490\\Desktop\\practicas de progra\\practicas semana 7\\15-Jest\\daily-planner\\daily-planner\\src\\Components\\TimerPanel.jsx": {"path":"C:\\Users\\Latitude 5490\\Desktop\\practicas de progra\\practicas semana 7\\15-Jest\\daily-planner\\daily-planner\\src\\Components\\TimerPanel.jsx","statementMap":{"0":{"start":{"line":2,"column":18},"end":{"line":2,"column":129}},"1":{"start":{"line":3,"column":2},"end":{"line":3,"column":1722}},"2":{"start":{"line":3,"column":342},"end":{"line":3,"column":517}},"3":{"start":{"line":3,"column":480},"end":{"line":3,"column":497}},"4":{"start":{"line":3,"column":648},"end":{"line":3,"column":684}},"5":{"start":{"line":3,"column":746},"end":{"line":3,"column":796}}},"fnMap":{"0":{"name":"TimerPanel","decl":{"start":{"line":1,"column":24},"end":{"line":1,"column":34}},"loc":{"start":{"line":1,"column":73},"end":{"line":4,"column":1}},"line":1},"1":{"name":"(anonymous_1)","decl":{"start":{"line":3,"column":335},"end":{"line":3,"column":336}},"loc":{"start":{"line":3,"column":342},"end":{"line":3,"column":517}},"line":3},"2":{"name":"(anonymous_2)","decl":{"start":{"line":3,"column":474},"end":{"line":3,"column":475}},"loc":{"start":{"line":3,"column":480},"end":{"line":3,"column":497}},"line":3},"3":{"name":"(anonymous_3)","decl":{"start":{"line":3,"column":643},"end":{"line":3,"column":644}},"loc":{"start":{"line":3,"column":648},"end":{"line":3,"column":684}},"line":3},"4":{"name":"(anonymous_4)","decl":{"start":{"line":3,"column":741},"end":{"line":3,"column":742}},"loc":{"start":{"line":3,"column":746},"end":{"line":3,"column":796}},"line":3}},"branchMap":{"0":{"loc":{"start":{"line":1,"column":56},"end":{"line":1,"column":69}},"type":"default-arg","locations":[{"start":{"line":1,"column":64},"end":{"line":1,"column":69}}],"line":1},"1":{"loc":{"start":{"line":3,"column":50},"end":{"line":3,"column":76}},"type":"cond-expr","locations":[{"start":{"line":3,"column":58},"end":{"line":3,"column":71}},{"start":{"line":3,"column":74},"end":{"line":3,"column":76}}],"line":3},"2":{"loc":{"start":{"line":3,"column":120},"end":{"line":3,"column":193}},"type":"cond-expr","locations":[{"start":{"line":3,"column":145},"end":{"line":3,"column":170}},{"start":{"line":3,"column":173},"end":{"line":3,"column":193}}],"line":3},"3":{"loc":{"start":{"line":3,"column":224},"end":{"line":3,"column":265}},"type":"cond-expr","locations":[{"start":{"line":3,"column":240},"end":{"line":3,"column":250}},{"start":{"line":3,"column":253},"end":{"line":3,"column":265}}],"line":3},"4":{"loc":{"start":{"line":3,"column":280},"end":{"line":3,"column":525}},"type":"binary-expr","locations":[{"start":{"line":3,"column":280},"end":{"line":3,"column":286}},{"start":{"line":3,"column":290},"end":{"line":3,"column":525}}],"line":3},"5":{"loc":{"start":{"line":3,"column":395},"end":{"line":3,"column":463}},"type":"cond-expr","locations":[{"start":{"line":3,"column":448},"end":{"line":3,"column":458}},{"start":{"line":3,"column":461},"end":{"line":3,"column":463}}],"line":3},"6":{"loc":{"start":{"line":3,"column":395},"end":{"line":3,"column":445}},"type":"binary-expr","locations":[{"start":{"line":3,"column":395},"end":{"line":3,"column":417}},{"start":{"line":3,"column":421},"end":{"line":3,"column":445}}],"line":3},"7":{"loc":{"start":{"line":3,"column":1097},"end":{"line":3,"column":1163}},"type":"cond-expr","locations":[{"start":{"line":3,"column":1122},"end":{"line":3,"column":1140}},{"start":{"line":3,"column":1143},"end":{"line":3,"column":1163}}],"line":3},"8":{"loc":{"start":{"line":3,"column":1247},"end":{"line":3,"column":1342}},"type":"cond-expr","locations":[{"start":{"line":3,"column":1263},"end":{"line":3,"column":1281}},{"start":{"line":3,"column":1284},"end":{"line":3,"column":1342}}],"line":3},"9":{"loc":{"start":{"line":3,"column":1284},"end":{"line":3,"column":1342}},"type":"cond-expr","locations":[{"start":{"line":3,"column":1299},"end":{"line":3,"column":1316}},{"start":{"line":3,"column":1319},"end":{"line":3,"column":1342}}],"line":3},"10":{"loc":{"start":{"line":3,"column":1454},"end":{"line":3,"column":1525}},"type":"cond-expr","locations":[{"start":{"line":3,"column":1470},"end":{"line":3,"column":1480}},{"start":{"line":3,"column":1483},"end":{"line":3,"column":1525}}],"line":3},"11":{"loc":{"start":{"line":3,"column":1483},"end":{"line":3,"column":1525}},"type":"cond-expr","locations":[{"start":{"line":3,"column":1498},"end":{"line":3,"column":1511}},{"start":{"line":3,"column":1514},"end":{"line":3,"column":1525}}],"line":3},"12":{"loc":{"start":{"line":3,"column":1638},"end":{"line":3,"column":1711}},"type":"binary-expr","locations":[{"start":{"line":3,"column":1638},"end":{"line":3,"column":1651}},{"start":{"line":3,"column":1655},"end":{"line":3,"column":1711}}],"line":3}},"s":{"0":5,"1":5,"2":9,"3":0,"4":0,"5":10},"f":{"0":5,"1":9,"2":0,"3":0,"4":10},"b":{"0":[3],"1":[2,3],"2":[5,0],"3":[1,4],"4":[5,3],"5":[3,6],"6":[9,9],"7":[5,0],"8":[1,4],"9":[0,4],"10":[1,4],"11":[0,4],"12":[5,0]},"_coverageSchema":"1a1c01bbd47fc00a2c39e90264f33305004495a9","hash":"44053a6cfd470c48c890220e49d80da760b3b4ba"}
,"C:\\Users\\Latitude 5490\\Desktop\\practicas de progra\\practicas semana 7\\15-Jest\\daily-planner\\daily-planner\\src\\Components\\useReminders.js": {"path":"C:\\Users\\Latitude 5490\\Desktop\\practicas de progra\\practicas semana 7\\15-Jest\\daily-planner\\daily-planner\\src\\Components\\useReminders.js","statementMap":{"0":{"start":{"line":5,"column":38},"end":{"line":5,"column":120}},"1":{"start":{"line":5,"column":53},"end":{"line":5,"column":119}},"2":{"start":{"line":6,"column":15},"end":{"line":6,"column":79}},"3":{"start":{"line":6,"column":50},"end":{"line":6,"column":61}},"4":{"start":{"line":6,"column":72},"end":{"line":6,"column":76}},"5":{"start":{"line":7,"column":2},"end":{"line":26,"column":36}},"6":{"start":{"line":9,"column":18},"end":{"line":9,"column":28}},"7":{"start":{"line":10,"column":25},"end":{"line":10,"column":55}},"8":{"start":{"line":11,"column":20},"end":{"line":11,"column":51}},"9":{"start":{"line":11,"column":45},"end":{"line":11,"column":49}},"10":{"start":{"line":12,"column":20},"end":{"line":12,"column":60}},"11":{"start":{"line":12,"column":43},"end":{"line":12,"column":59}},"12":{"start":{"line":13,"column":6},"end":{"line":13,"column":148}},"13":{"start":{"line":13,"column":24},"end":{"line":13,"column":148}},"14":{"start":{"line":13,"column":41},"end":{"line":13,"column":146}},"15":{"start":{"line":13,"column":100},"end":{"line":13,"column":142}},"16":{"start":{"line":13,"column":126},"end":{"line":13,"column":141}},"17":{"start":{"line":14,"column":20},"end":{"line":14,"column":111}},"18":{"start":{"line":14,"column":55},"end":{"line":14,"column":110}},"19":{"start":{"line":15,"column":6},"end":{"line":20,"column":8}},"20":{"start":{"line":16,"column":8},"end":{"line":16,"column":30}},"21":{"start":{"line":17,"column":8},"end":{"line":19,"column":9}},"22":{"start":{"line":18,"column":10},"end":{"line":18,"column":167}},"23":{"start":{"line":18,"column":16},"end":{"line":18,"column":105}},"24":{"start":{"line":21,"column":6},"end":{"line":21,"column":150}},"25":{"start":{"line":21,"column":24},"end":{"line":21,"column":150}},"26":{"start":{"line":21,"column":41},"end":{"line":21,"column":148}},"27":{"start":{"line":21,"column":83},"end":{"line":21,"column":145}},"28":{"start":{"line":21,"column":99},"end":{"line":21,"column":112}},"29":{"start":{"line":23,"column":4},"end":{"line":23,"column":11}},"30":{"start":{"line":24,"column":21},"end":{"line":24,"column":45}},"31":{"start":{"line":25,"column":4},"end":{"line":25,"column":40}},"32":{"start":{"line":25,"column":17},"end":{"line":25,"column":40}},"33":{"start":{"line":28,"column":4},"end":{"line":28,"column":43}},"34":{"start":{"line":28,"column":37},"end":{"line":28,"column":43}},"35":{"start":{"line":29,"column":4},"end":{"line":29,"column":104}},"36":{"start":{"line":29,"column":10},"end":{"line":29,"column":63}},"37":{"start":{"line":29,"column":74},"end":{"line":29,"column":102}},"38":{"start":{"line":31,"column":25},"end":{"line":31,"column":132}},"39":{"start":{"line":31,"column":42},"end":{"line":31,"column":130}},"40":{"start":{"line":31,"column":84},"end":{"line":31,"column":127}},"41":{"start":{"line":33,"column":4},"end":{"line":33,"column":27}},"42":{"start":{"line":34,"column":4},"end":{"line":34,"column":147}},"43":{"start":{"line":34,"column":21},"end":{"line":34,"column":145}},"44":{"start":{"line":34,"column":63},"end":{"line":34,"column":142}},"45":{"start":{"line":36,"column":2},"end":{"line":36,"column":117}},"46":{"start":{"line":36,"column":87},"end":{"line":36,"column":114}}},"fnMap":{"0":{"name":"useReminders","decl":{"start":{"line":4,"column":24},"end":{"line":4,"column":36}},"loc":{"start":{"line":4,"column":67},"end":{"line":37,"column":1}},"line":4},"1":{"name":"(anonymous_1)","decl":{"start":{"line":5,"column":47},"end":{"line":5,"column":48}},"loc":{"start":{"line":5,"column":53},"end":{"line":5,"column":119}},"line":5},"2":{"name":"(anonymous_2)","decl":{"start":{"line":6,"column":45},"end":{"line":6,"column":46}},"loc":{"start":{"line":6,"column":50},"end":{"line":6,"column":61}},"line":6},"3":{"name":"(anonymous_3)","decl":{"start":{"line":6,"column":67},"end":{"line":6,"column":68}},"loc":{"start":{"line":6,"column":72},"end":{"line":6,"column":76}},"line":6},"4":{"name":"(anonymous_4)","decl":{"start":{"line":7,"column":12},"end":{"line":7,"column":13}},"loc":{"start":{"line":7,"column":18},"end":{"line":26,"column":3}},"line":7},"5":{"name":"check","decl":{"start":{"line":8,"column":13},"end":{"line":8,"column":18}},"loc":{"start":{"line":8,"column":21},"end":{"line":22,"column":5}},"line":8},"6":{"name":"(anonymous_6)","decl":{"start":{"line":11,"column":40},"end":{"line":11,"column":41}},"loc":{"start":{"line":11,"column":45},"end":{"line":11,"column":49}},"line":11},"7":{"name":"(anonymous_7)","decl":{"start":{"line":12,"column":38},"end":{"line":12,"column":39}},"loc":{"start":{"line":12,"column":43},"end":{"line":12,"column":59}},"line":12},"8":{"name":"(anonymous_8)","decl":{"start":{"line":13,"column":32},"end":{"line":13,"column":33}},"loc":{"start":{"line":13,"column":41},"end":{"line":13,"column":146}},"line":13},"9":{"name":"(anonymous_9)","decl":{"start":{"line":13,"column":95},"end":{"line":13,"column":96}},"loc":{"start":{"line":13,"column":100},"end":{"line":13,"column":142}},"line":13},"10":{"name":"(anonymous_10)","decl":{"start":{"line":13,"column":119},"end":{"line":13,"column":120}},"loc":{"start":{"line":13,"column":126},"end":{"line":13,"column":141}},"line":13},"11":{"name":"(anonymous_11)","decl":{"start":{"line":14,"column":50},"end":{"line":14,"column":51}},"loc":{"start":{"line":14,"column":55},"end":{"line":14,"column":110}},"line":14},"12":{"name":"(anonymous_12)","decl":{"start":{"line":15,"column":20},"end":{"line":15,"column":21}},"loc":{"start":{"line":15,"column":25},"end":{"line":20,"column":7}},"line":15},"13":{"name":"(anonymous_13)","decl":{"start":{"line":21,"column":32},"end":{"line":21,"column":33}},"loc":{"start":{"line":21,"column":41},"end":{"line":21,"column":148}},"line":21},"14":{"name":"(anonymous_14)","decl":{"start":{"line":21,"column":78},"end":{"line":21,"column":79}},"loc":{"start":{"line":21,"column":83},"end":{"line":21,"column":145}},"line":21},"15":{"name":"(anonymous_15)","decl":{"start":{"line":21,"column":94},"end":{"line":21,"column":95}},"loc":{"start":{"line":21,"column":99},"end":{"line":21,"column":112}},"line":21},"16":{"name":"(anonymous_16)","decl":{"start":{"line":25,"column":11},"end":{"line":25,"column":12}},"loc":{"start":{"line":25,"column":17},"end":{"line":25,"column":40}},"line":25},"17":{"name":"requestPermission","decl":{"start":{"line":27,"column":17},"end":{"line":27,"column":34}},"loc":{"start":{"line":27,"column":37},"end":{"line":30,"column":3}},"line":27},"18":{"name":"dismiss","decl":{"start":{"line":31,"column":11},"end":{"line":31,"column":18}},"loc":{"start":{"line":31,"column":23},"end":{"line":31,"column":134}},"line":31},"19":{"name":"(anonymous_19)","decl":{"start":{"line":31,"column":33},"end":{"line":31,"column":34}},"loc":{"start":{"line":31,"column":42},"end":{"line":31,"column":130}},"line":31},"20":{"name":"(anonymous_20)","decl":{"start":{"line":31,"column":79},"end":{"line":31,"column":80}},"loc":{"start":{"line":31,"column":84},"end":{"line":31,"column":127}},"line":31},"21":{"name":"snooze","decl":{"start":{"line":32,"column":11},"end":{"line":32,"column":17}},"loc":{"start":{"line":32,"column":31},"end":{"line":35,"column":3}},"line":32},"22":{"name":"(anonymous_22)","decl":{"start":{"line":34,"column":12},"end":{"line":34,"column":13}},"loc":{"start":{"line":34,"column":21},"end":{"line":34,"column":145}},"line":34},"23":{"name":"(anonymous_23)","decl":{"start":{"line":34,"column":58},"end":{"line":34,"column":59}},"loc":{"start":{"line":34,"column":63},"end":{"line":34,"column":142}},"line":34},"24":{"name":"(anonymous_24)","decl":{"start":{"line":36,"column":82},"end":{"line":36,"column":83}},"loc":{"start":{"line":36,"column":87},"end":{"line":36,"column":114}},"line":36}},"branchMap":{"0":{"loc":{"start":{"line":5,"column":53},"end":{"line":5,"column":119}},"type":"cond-expr","locations":[{"start":{"line":5,"column":80},"end":{"line":5,"column":103}},{"start":{"line":5,"column":106},"end":{"line":5,"column":119}}],"line":5},"1":{"loc":{"start":{"line":13,"column":6},"end":{"line":13,"column":148}},"type":"if","locations":[{"start":{"line":13,"column":6},"end":{"line":13,"column":148}},{"start":{},"end":{}}],"line":13},"2":{"loc":{"start":{"line":14,"column":55},"end":{"line":14,"column":110}},"type":"binary-expr","locations":[{"start":{"line":14,"column":55},"end":{"line":14,"column":67}},{"start":{"line":14,"column":71},"end":{"line":14,"column":83}},{"start":{"line":14,"column":87},"end":{"line":14,"column":110}}],"line":14},"3":{"loc":{"start":{"line":17,"column":8},"end":{"line":19,"column":9}},"type":"if","locations":[{"start":{"line":17,"column":8},"end":{"line":19,"column":9}},{"start":{},"end":{}}],"line":17},"4":{"loc":{"start":{"line":17,"column":12},"end":{"line":17,"column":77}},"type":"binary-expr","locations":[{"start":{"line":17,"column":12},"end":{"line":17,"column":36}},{"start":{"line":17,"column":40},"end":{"line":17,"column":77}}],"line":17},"5":{"loc":{"start":{"line":21,"column":6},"end":{"line":21,"column":150}},"type":"if","locations":[{"start":{"line":21,"column":6},"end":{"line":21,"column":150}},{"start":{},"end":{}}],"line":21},"6":{"loc":{"start":{"line":21,"column":83},"end":{"line":21,"column":145}},"type":"cond-expr","locations":[{"start":{"line":21,"column":116},"end":{"line":21,"column":141}},{"start":{"line":21,"column":144},"end":{"line":21,"column":145}}],"line":21},"7":{"loc":{"start":{"line":28,"column":4},"end":{"line":28,"column":43}},"type":"if","locations":[{"start":{"line":28,"column":4},"end":{"line":28,"column":43}},{"start":{},"end":{}}],"line":28},"8":{"loc":{"start":{"line":31,"column":84},"end":{"line":31,"column":127}},"type":"cond-expr","locations":[{"start":{"line":31,"column":98},"end":{"line":31,"column":123}},{"start":{"line":31,"column":126},"end":{"line":31,"column":127}}],"line":31},"9":{"loc":{"start":{"line":34,"column":63},"end":{"line":34,"column":142}},"type":"cond-expr","locations":[{"start":{"line":34,"column":77},"end":{"line":34,"column":138}},{"start":{"line":34,"column":141},"end":{"line":34,"column":142}}],"line":34},"10":{"loc":{"start":{"line":36,"column":87},"end":{"line":36,"column":114}},"type":"binary-expr","locations":[{"start":{"line":36,"column":87},"end":{"line":36,"column":98}},{"start":{"line":36,"column":102},"end":{"line":36,"column":114}}],"line":36}},"s":{"0":26,"1":8,"2":26,"3":13,"4":11,"5":26,"6":924,"7":924,"8":924,"9":915,"10":924,"11":920,"12":924,"13":5,"14":5,"15":5,"16":0,"17":924,"18":920,"19":924,"20":7,"21":7,"22":5,"23":5,"24":924,"25":7,"26":7,"27":7,"28":7,"29":21,"30":21,"31":21,"32":21,"33":1,"34":0,"35":1,"36":1,"37":0,"38":2,"39":2,"40":2,"41":2,"42":2,"43":2,"44":2,"45":26,"46":13},"f":{"0":26,"1":8,"2":13,"3":11,"4":21,"5":924,"6":915,"7":920,"8":5,"9":5,"10":0,"11":920,"12":7,"13":7,"14":7,"15":7,"16":21,"17":1,"18":2,"19":2,"20":2,"21":2,"22":2,"23":2,"24":13},"b":{"0":[5,3],"1":[5,919],"2":[920,918,18],"3":[5,2],"4":[7,6],"5":[7,917],"6":[7,0],"7":[0,1],"8":[2,0],"9":[2,0],"10":[13,11]},"_coverageSchema":"1a1c01bbd47fc00a2c39e90264f33305004495a9","hash":"10ed5eeb0f3518df75e3c046a7b111bc1b6fd300"}
,"C:\\Users\\Latitude 5490\\Desktop\\practicas de progra\\practicas semana 7\\15-Jest\\daily-planner\\daily-planner\\src\\Components\\useTimer.js": {"path":"C:\\Users\\Latitude 5490\\Desktop\\practicas de progra\\practicas semana 7\\15-Jest\\daily-planner\\daily-planner\\src\\Components\\useTimer.js","statementMap":{"0":{"start":{"line":4,"column":28},"end":{"line":4,"column":143}},"1":{"start":{"line":5,"column":19},"end":{"line":5,"column":32}},"2":{"start":{"line":6,"column":23},"end":{"line":6,"column":40}},"3":{"start":{"line":7,"column":2},"end":{"line":7,"column":68}},"4":{"start":{"line":7,"column":20},"end":{"line":7,"column":52}},"5":{"start":{"line":8,"column":26},"end":{"line":8,"column":50}},"6":{"start":{"line":8,"column":51},"end":{"line":8,"column":65}},"7":{"start":{"line":10,"column":20},"end":{"line":10,"column":36}},"8":{"start":{"line":11,"column":22},"end":{"line":11,"column":119}},"9":{"start":{"line":12,"column":20},"end":{"line":12,"column":58}},"10":{"start":{"line":13,"column":4},"end":{"line":13,"column":153}},"11":{"start":{"line":13,"column":17},"end":{"line":13,"column":153}},"12":{"start":{"line":14,"column":4},"end":{"line":14,"column":297}},"13":{"start":{"line":16,"column":2},"end":{"line":27,"column":8}},"14":{"start":{"line":17,"column":21},"end":{"line":25,"column":11}},"15":{"start":{"line":18,"column":22},"end":{"line":18,"column":38}},"16":{"start":{"line":19,"column":6},"end":{"line":19,"column":34}},"17":{"start":{"line":19,"column":28},"end":{"line":19,"column":34}},"18":{"start":{"line":20,"column":24},"end":{"line":20,"column":83}},"19":{"start":{"line":21,"column":6},"end":{"line":24,"column":83}},"20":{"start":{"line":22,"column":8},"end":{"line":22,"column":150}},"21":{"start":{"line":23,"column":8},"end":{"line":23,"column":237}},"22":{"start":{"line":24,"column":13},"end":{"line":24,"column":83}},"23":{"start":{"line":24,"column":50},"end":{"line":24,"column":83}},"24":{"start":{"line":26,"column":4},"end":{"line":26,"column":40}},"25":{"start":{"line":26,"column":17},"end":{"line":26,"column":40}},"26":{"start":{"line":29,"column":20},"end":{"line":29,"column":36}},"27":{"start":{"line":30,"column":4},"end":{"line":30,"column":236}},"28":{"start":{"line":33,"column":20},"end":{"line":33,"column":36}},"29":{"start":{"line":34,"column":4},"end":{"line":34,"column":70}},"30":{"start":{"line":34,"column":64},"end":{"line":34,"column":70}},"31":{"start":{"line":35,"column":4},"end":{"line":35,"column":91}},"32":{"start":{"line":37,"column":39},"end":{"line":37,"column":55}},"33":{"start":{"line":37,"column":57},"end":{"line":37,"column":199}},"34":{"start":{"line":38,"column":56},"end":{"line":38,"column":72}},"35":{"start":{"line":38,"column":74},"end":{"line":38,"column":169}},"36":{"start":{"line":38,"column":135},"end":{"line":38,"column":169}},"37":{"start":{"line":39,"column":2},"end":{"line":39,"column":128}}},"fnMap":{"0":{"name":"useTimer","decl":{"start":{"line":3,"column":24},"end":{"line":3,"column":32}},"loc":{"start":{"line":3,"column":44},"end":{"line":40,"column":1}},"line":3},"1":{"name":"(anonymous_1)","decl":{"start":{"line":7,"column":12},"end":{"line":7,"column":13}},"loc":{"start":{"line":7,"column":18},"end":{"line":7,"column":54}},"line":7},"2":{"name":"update","decl":{"start":{"line":8,"column":11},"end":{"line":8,"column":17}},"loc":{"start":{"line":8,"column":24},"end":{"line":8,"column":67}},"line":8},"3":{"name":"finish","decl":{"start":{"line":9,"column":11},"end":{"line":9,"column":17}},"loc":{"start":{"line":9,"column":20},"end":{"line":15,"column":3}},"line":9},"4":{"name":"(anonymous_4)","decl":{"start":{"line":16,"column":12},"end":{"line":16,"column":13}},"loc":{"start":{"line":16,"column":18},"end":{"line":27,"column":3}},"line":16},"5":{"name":"(anonymous_5)","decl":{"start":{"line":17,"column":33},"end":{"line":17,"column":34}},"loc":{"start":{"line":17,"column":39},"end":{"line":25,"column":5}},"line":17},"6":{"name":"(anonymous_6)","decl":{"start":{"line":26,"column":11},"end":{"line":26,"column":12}},"loc":{"start":{"line":26,"column":17},"end":{"line":26,"column":40}},"line":26},"7":{"name":"toggle","decl":{"start":{"line":28,"column":11},"end":{"line":28,"column":17}},"loc":{"start":{"line":28,"column":20},"end":{"line":31,"column":3}},"line":28},"8":{"name":"choose","decl":{"start":{"line":32,"column":11},"end":{"line":32,"column":17}},"loc":{"start":{"line":32,"column":43},"end":{"line":36,"column":3}},"line":32},"9":{"name":"addTime","decl":{"start":{"line":37,"column":11},"end":{"line":37,"column":18}},"loc":{"start":{"line":37,"column":21},"end":{"line":37,"column":201}},"line":37},"10":{"name":"selectActivity","decl":{"start":{"line":38,"column":11},"end":{"line":38,"column":25}},"loc":{"start":{"line":38,"column":38},"end":{"line":38,"column":171}},"line":38}},"branchMap":{"0":{"loc":{"start":{"line":11,"column":22},"end":{"line":11,"column":119}},"type":"cond-expr","locations":[{"start":{"line":11,"column":40},"end":{"line":11,"column":99}},{"start":{"line":11,"column":102},"end":{"line":11,"column":119}}],"line":11},"1":{"loc":{"start":{"line":13,"column":4},"end":{"line":13,"column":153}},"type":"if","locations":[{"start":{"line":13,"column":4},"end":{"line":13,"column":153}},{"start":{},"end":{}}],"line":13},"2":{"loc":{"start":{"line":14,"column":89},"end":{"line":14,"column":294}},"type":"cond-expr","locations":[{"start":{"line":14,"column":99},"end":{"line":14,"column":249}},{"start":{"line":14,"column":252},"end":{"line":14,"column":294}}],"line":14},"3":{"loc":{"start":{"line":14,"column":99},"end":{"line":14,"column":249}},"type":"cond-expr","locations":[{"start":{"line":14,"column":126},"end":{"line":14,"column":179}},{"start":{"line":14,"column":182},"end":{"line":14,"column":249}}],"line":14},"4":{"loc":{"start":{"line":19,"column":6},"end":{"line":19,"column":34}},"type":"if","locations":[{"start":{"line":19,"column":6},"end":{"line":19,"column":34}},{"start":{},"end":{}}],"line":19},"5":{"loc":{"start":{"line":21,"column":6},"end":{"line":24,"column":83}},"type":"if","locations":[{"start":{"line":21,"column":6},"end":{"line":24,"column":83}},{"start":{"line":24,"column":13},"end":{"line":24,"column":83}}],"line":21},"6":{"loc":{"start":{"line":23,"column":93},"end":{"line":23,"column":234}},"type":"cond-expr","locations":[{"start":{"line":23,"column":120},"end":{"line":23,"column":182}},{"start":{"line":23,"column":185},"end":{"line":23,"column":234}}],"line":23},"7":{"loc":{"start":{"line":24,"column":13},"end":{"line":24,"column":83}},"type":"if","locations":[{"start":{"line":24,"column":13},"end":{"line":24,"column":83}},{"start":{},"end":{}}],"line":24},"8":{"loc":{"start":{"line":30,"column":11},"end":{"line":30,"column":235}},"type":"cond-expr","locations":[{"start":{"line":30,"column":29},"end":{"line":30,"column":144}},{"start":{"line":30,"column":147},"end":{"line":30,"column":235}}],"line":30},"9":{"loc":{"start":{"line":32,"column":27},"end":{"line":32,"column":41}},"type":"default-arg","locations":[{"start":{"line":32,"column":34},"end":{"line":32,"column":41}}],"line":32},"10":{"loc":{"start":{"line":34,"column":4},"end":{"line":34,"column":70}},"type":"if","locations":[{"start":{"line":34,"column":4},"end":{"line":34,"column":70}},{"start":{},"end":{}}],"line":34},"11":{"loc":{"start":{"line":34,"column":8},"end":{"line":34,"column":62}},"type":"binary-expr","locations":[{"start":{"line":34,"column":8},"end":{"line":34,"column":23}},{"start":{"line":34,"column":27},"end":{"line":34,"column":62}}],"line":34},"12":{"loc":{"start":{"line":37,"column":149},"end":{"line":37,"column":196}},"type":"cond-expr","locations":[{"start":{"line":37,"column":167},"end":{"line":37,"column":189}},{"start":{"line":37,"column":192},"end":{"line":37,"column":196}}],"line":37},"13":{"loc":{"start":{"line":38,"column":74},"end":{"line":38,"column":169}},"type":"if","locations":[{"start":{"line":38,"column":74},"end":{"line":38,"column":169}},{"start":{},"end":{}}],"line":38},"14":{"loc":{"start":{"line":38,"column":78},"end":{"line":38,"column":133}},"type":"binary-expr","locations":[{"start":{"line":38,"column":78},"end":{"line":38,"column":94}},{"start":{"line":38,"column":98},"end":{"line":38,"column":133}}],"line":38},"15":{"loc":{"start":{"line":39,"column":78},"end":{"line":39,"column":126}},"type":"binary-expr","locations":[{"start":{"line":39,"column":78},"end":{"line":39,"column":91}},{"start":{"line":39,"column":95},"end":{"line":39,"column":126}}],"line":39}},"s":{"0":43,"1":43,"2":43,"3":43,"4":24,"5":3335,"6":3335,"7":5,"8":5,"9":5,"10":5,"11":1,"12":5,"13":43,"14":11,"15":13352,"16":13352,"17":92,"18":13260,"19":13260,"20":3,"21":3,"22":13257,"23":3312,"24":11,"25":11,"26":7,"27":7,"28":7,"29":7,"30":1,"31":6,"32":1,"33":1,"34":2,"35":2,"36":1,"37":43},"f":{"0":43,"1":24,"2":3335,"3":5,"4":11,"5":13352,"6":11,"7":7,"8":7,"9":1,"10":2},"b":{"0":[1,4],"1":[1,4],"2":[1,4],"3":[1,0],"4":[92,13260],"5":[3,13257],"6":[0,3],"7":[3312,9945],"8":[1,6],"9":[4],"10":[1,6],"11":[7,6],"12":[1,0],"13":[1,1],"14":[2,1],"15":[43,33]},"_coverageSchema":"1a1c01bbd47fc00a2c39e90264f33305004495a9","hash":"7beae1e57c66cc9ab6ebb0f79990067b50840557"}
,"C:\\Users\\Latitude 5490\\Desktop\\practicas de progra\\practicas semana 7\\15-Jest\\daily-planner\\daily-planner\\src\\Pages\\Activities.jsx": {"path":"C:\\Users\\Latitude 5490\\Desktop\\practicas de progra\\practicas semana 7\\15-Jest\\daily-planner\\daily-planner\\src\\Pages\\Activities.jsx","statementMap":{"0":{"start":{"line":5,"column":19},"end":{"line":5,"column":163}},"1":{"start":{"line":5,"column":42},"end":{"line":5,"column":162}},"2":{"start":{"line":6,"column":2},"end":{"line":6,"column":907}},"3":{"start":{"line":6,"column":488},"end":{"line":6,"column":512}},"4":{"start":{"line":6,"column":572},"end":{"line":6,"column":597}},"5":{"start":{"line":6,"column":668},"end":{"line":6,"column":714}}},"fnMap":{"0":{"name":"Activities","decl":{"start":{"line":4,"column":24},"end":{"line":4,"column":34}},"loc":{"start":{"line":4,"column":138},"end":{"line":7,"column":1}},"line":4},"1":{"name":"(anonymous_1)","decl":{"start":{"line":5,"column":37},"end":{"line":5,"column":38}},"loc":{"start":{"line":5,"column":42},"end":{"line":5,"column":162}},"line":5},"2":{"name":"(anonymous_2)","decl":{"start":{"line":6,"column":483},"end":{"line":6,"column":484}},"loc":{"start":{"line":6,"column":488},"end":{"line":6,"column":512}},"line":6},"3":{"name":"(anonymous_3)","decl":{"start":{"line":6,"column":567},"end":{"line":6,"column":568}},"loc":{"start":{"line":6,"column":572},"end":{"line":6,"column":597}},"line":6},"4":{"name":"(anonymous_4)","decl":{"start":{"line":6,"column":652},"end":{"line":6,"column":653}},"loc":{"start":{"line":6,"column":668},"end":{"line":6,"column":714}},"line":6}},"branchMap":{"0":{"loc":{"start":{"line":5,"column":42},"end":{"line":5,"column":162}},"type":"binary-expr","locations":[{"start":{"line":5,"column":43},"end":{"line":5,"column":59}},{"start":{"line":5,"column":63},"end":{"line":5,"column":94}},{"start":{"line":5,"column":99},"end":{"line":5,"column":162}}],"line":5}},"s":{"0":9,"1":50,"2":9,"3":0,"4":0,"5":63},"f":{"0":9,"1":50,"2":0,"3":0,"4":63},"b":{"0":[50,10,44]},"_coverageSchema":"1a1c01bbd47fc00a2c39e90264f33305004495a9","hash":"b0480ff6370f8f723a1156afe702e567e8fcc3b2"}
,"C:\\Users\\Latitude 5490\\Desktop\\practicas de progra\\practicas semana 7\\15-Jest\\daily-planner\\daily-planner\\src\\Pages\\Dashboard.jsx": {"path":"C:\\Users\\Latitude 5490\\Desktop\\practicas de progra\\practicas semana 7\\15-Jest\\daily-planner\\daily-planner\\src\\Pages\\Dashboard.jsx","statementMap":{"0":{"start":{"line":5,"column":15},"end":{"line":5,"column":84}},"1":{"start":{"line":5,"column":44},"end":{"line":5,"column":76}},"2":{"start":{"line":6,"column":18},"end":{"line":6,"column":96}},"3":{"start":{"line":7,"column":2},"end":{"line":7,"column":1429}},"4":{"start":{"line":7,"column":552},"end":{"line":7,"column":574}},"5":{"start":{"line":7,"column":852},"end":{"line":7,"column":868}},"6":{"start":{"line":7,"column":1358},"end":{"line":7,"column":1375}}},"fnMap":{"0":{"name":"Dashboard","decl":{"start":{"line":4,"column":24},"end":{"line":4,"column":33}},"loc":{"start":{"line":4,"column":95},"end":{"line":8,"column":1}},"line":4},"1":{"name":"(anonymous_1)","decl":{"start":{"line":5,"column":39},"end":{"line":5,"column":40}},"loc":{"start":{"line":5,"column":44},"end":{"line":5,"column":76}},"line":5},"2":{"name":"(anonymous_2)","decl":{"start":{"line":7,"column":546},"end":{"line":7,"column":547}},"loc":{"start":{"line":7,"column":552},"end":{"line":7,"column":574}},"line":7},"3":{"name":"(anonymous_3)","decl":{"start":{"line":7,"column":846},"end":{"line":7,"column":847}},"loc":{"start":{"line":7,"column":852},"end":{"line":7,"column":868}},"line":7},"4":{"name":"(anonymous_4)","decl":{"start":{"line":7,"column":1352},"end":{"line":7,"column":1353}},"loc":{"start":{"line":7,"column":1358},"end":{"line":7,"column":1375}},"line":7}},"branchMap":{"0":{"loc":{"start":{"line":6,"column":18},"end":{"line":6,"column":96}},"type":"cond-expr","locations":[{"start":{"line":6,"column":44},"end":{"line":6,"column":92}},{"start":{"line":6,"column":95},"end":{"line":6,"column":96}}],"line":6}},"s":{"0":2,"1":10,"2":2,"3":2,"4":1,"5":0,"6":0},"f":{"0":2,"1":10,"2":1,"3":0,"4":0},"b":{"0":[2,0]},"_coverageSchema":"1a1c01bbd47fc00a2c39e90264f33305004495a9","hash":"f66b6813672e035523cab6e4c780125c63dd3ec2"}
,"C:\\Users\\Latitude 5490\\Desktop\\practicas de progra\\practicas semana 7\\15-Jest\\daily-planner\\daily-planner\\src\\Pages\\Focus.jsx": {"path":"C:\\Users\\Latitude 5490\\Desktop\\practicas de progra\\practicas semana 7\\15-Jest\\daily-planner\\daily-planner\\src\\Pages\\Focus.jsx","statementMap":{"0":{"start":{"line":3,"column":17},"end":{"line":3,"column":57}},"1":{"start":{"line":3,"column":38},"end":{"line":3,"column":56}},"2":{"start":{"line":4,"column":2},"end":{"line":4,"column":1293}},"3":{"start":{"line":4,"column":510},"end":{"line":4,"column":694}},"4":{"start":{"line":4,"column":648},"end":{"line":4,"column":674}},"5":{"start":{"line":4,"column":1045},"end":{"line":4,"column":1060}}},"fnMap":{"0":{"name":"Focus","decl":{"start":{"line":2,"column":24},"end":{"line":2,"column":29}},"loc":{"start":{"line":2,"column":63},"end":{"line":5,"column":1}},"line":2},"1":{"name":"(anonymous_1)","decl":{"start":{"line":3,"column":33},"end":{"line":3,"column":34}},"loc":{"start":{"line":3,"column":38},"end":{"line":3,"column":56}},"line":3},"2":{"name":"(anonymous_2)","decl":{"start":{"line":4,"column":503},"end":{"line":4,"column":504}},"loc":{"start":{"line":4,"column":510},"end":{"line":4,"column":694}},"line":4},"3":{"name":"(anonymous_3)","decl":{"start":{"line":4,"column":642},"end":{"line":4,"column":643}},"loc":{"start":{"line":4,"column":648},"end":{"line":4,"column":674}},"line":4},"4":{"name":"(anonymous_4)","decl":{"start":{"line":4,"column":1033},"end":{"line":4,"column":1034}},"loc":{"start":{"line":4,"column":1045},"end":{"line":4,"column":1060}},"line":4}},"branchMap":{"0":{"loc":{"start":{"line":4,"column":563},"end":{"line":4,"column":631}},"type":"cond-expr","locations":[{"start":{"line":4,"column":616},"end":{"line":4,"column":626}},{"start":{"line":4,"column":629},"end":{"line":4,"column":631}}],"line":4},"1":{"loc":{"start":{"line":4,"column":563},"end":{"line":4,"column":613}},"type":"binary-expr","locations":[{"start":{"line":4,"column":563},"end":{"line":4,"column":585}},{"start":{"line":4,"column":589},"end":{"line":4,"column":613}}],"line":4}},"s":{"0":1,"1":1,"2":1,"3":3,"4":1,"5":1},"f":{"0":1,"1":1,"2":3,"3":1,"4":1},"b":{"0":[0,3],"1":[3,0]},"_coverageSchema":"1a1c01bbd47fc00a2c39e90264f33305004495a9","hash":"d0a01697c0f71987d8a525e01f263092125d2c5a"}
,"C:\\Users\\Latitude 5490\\Desktop\\practicas de progra\\practicas semana 7\\15-Jest\\daily-planner\\daily-planner\\src\\Pages\\Statistics.jsx": {"path":"C:\\Users\\Latitude 5490\\Desktop\\practicas de progra\\practicas semana 7\\15-Jest\\daily-planner\\daily-planner\\src\\Pages\\Statistics.jsx","statementMap":{"0":{"start":{"line":3,"column":15},"end":{"line":3,"column":33}},"1":{"start":{"line":4,"column":23},"end":{"line":4,"column":66}},"2":{"start":{"line":4,"column":44},"end":{"line":4,"column":65}},"3":{"start":{"line":5,"column":17},"end":{"line":5,"column":215}},"4":{"start":{"line":5,"column":60},"end":{"line":5,"column":106}},"5":{"start":{"line":5,"column":83},"end":{"line":5,"column":105}},"6":{"start":{"line":5,"column":108},"end":{"line":5,"column":212}},"7":{"start":{"line":5,"column":162},"end":{"line":5,"column":202}},"8":{"start":{"line":6,"column":16},"end":{"line":6,"column":59}},"9":{"start":{"line":6,"column":42},"end":{"line":6,"column":55}},"10":{"start":{"line":7,"column":15},"end":{"line":7,"column":57}},"11":{"start":{"line":7,"column":41},"end":{"line":7,"column":53}},"12":{"start":{"line":8,"column":18},"end":{"line":8,"column":60}},"13":{"start":{"line":9,"column":16},"end":{"line":9,"column":99}},"14":{"start":{"line":9,"column":41},"end":{"line":9,"column":59}},"15":{"start":{"line":9,"column":80},"end":{"line":9,"column":95}},"16":{"start":{"line":10,"column":15},"end":{"line":10,"column":98}},"17":{"start":{"line":10,"column":40},"end":{"line":10,"column":58}},"18":{"start":{"line":10,"column":79},"end":{"line":10,"column":94}},"19":{"start":{"line":11,"column":2},"end":{"line":11,"column":1892}},"20":{"start":{"line":11,"column":528},"end":{"line":11,"column":614}},"21":{"start":{"line":11,"column":831},"end":{"line":11,"column":1082}},"22":{"start":{"line":11,"column":1268},"end":{"line":11,"column":1322}},"23":{"start":{"line":11,"column":1291},"end":{"line":11,"column":1314}},"24":{"start":{"line":11,"column":1324},"end":{"line":11,"column":1553}}},"fnMap":{"0":{"name":"Statistics","decl":{"start":{"line":2,"column":24},"end":{"line":2,"column":34}},"loc":{"start":{"line":2,"column":68},"end":{"line":12,"column":1}},"line":2},"1":{"name":"(anonymous_1)","decl":{"start":{"line":4,"column":39},"end":{"line":4,"column":40}},"loc":{"start":{"line":4,"column":44},"end":{"line":4,"column":65}},"line":4},"2":{"name":"(anonymous_2)","decl":{"start":{"line":5,"column":27},"end":{"line":5,"column":28}},"loc":{"start":{"line":5,"column":44},"end":{"line":5,"column":214}},"line":5},"3":{"name":"(anonymous_3)","decl":{"start":{"line":5,"column":78},"end":{"line":5,"column":79}},"loc":{"start":{"line":5,"column":83},"end":{"line":5,"column":105}},"line":5},"4":{"name":"(anonymous_4)","decl":{"start":{"line":5,"column":157},"end":{"line":5,"column":158}},"loc":{"start":{"line":5,"column":162},"end":{"line":5,"column":202}},"line":5},"5":{"name":"(anonymous_5)","decl":{"start":{"line":6,"column":30},"end":{"line":6,"column":31}},"loc":{"start":{"line":6,"column":42},"end":{"line":6,"column":55}},"line":6},"6":{"name":"(anonymous_6)","decl":{"start":{"line":7,"column":29},"end":{"line":7,"column":30}},"loc":{"start":{"line":7,"column":41},"end":{"line":7,"column":53}},"line":7},"7":{"name":"(anonymous_7)","decl":{"start":{"line":9,"column":36},"end":{"line":9,"column":37}},"loc":{"start":{"line":9,"column":41},"end":{"line":9,"column":59}},"line":9},"8":{"name":"(anonymous_8)","decl":{"start":{"line":9,"column":68},"end":{"line":9,"column":69}},"loc":{"start":{"line":9,"column":80},"end":{"line":9,"column":95}},"line":9},"9":{"name":"(anonymous_9)","decl":{"start":{"line":10,"column":35},"end":{"line":10,"column":36}},"loc":{"start":{"line":10,"column":40},"end":{"line":10,"column":58}},"line":10},"10":{"name":"(anonymous_10)","decl":{"start":{"line":10,"column":67},"end":{"line":10,"column":68}},"loc":{"start":{"line":10,"column":79},"end":{"line":10,"column":94}},"line":10},"11":{"name":"(anonymous_11)","decl":{"start":{"line":11,"column":508},"end":{"line":11,"column":509}},"loc":{"start":{"line":11,"column":528},"end":{"line":11,"column":614}},"line":11},"12":{"name":"(anonymous_12)","decl":{"start":{"line":11,"column":815},"end":{"line":11,"column":816}},"loc":{"start":{"line":11,"column":831},"end":{"line":11,"column":1082}},"line":11},"13":{"name":"(anonymous_13)","decl":{"start":{"line":11,"column":1240},"end":{"line":11,"column":1241}},"loc":{"start":{"line":11,"column":1252},"end":{"line":11,"column":1555}},"line":11},"14":{"name":"(anonymous_14)","decl":{"start":{"line":11,"column":1286},"end":{"line":11,"column":1287}},"loc":{"start":{"line":11,"column":1291},"end":{"line":11,"column":1314}},"line":11}},"branchMap":{"0":{"loc":{"start":{"line":8,"column":18},"end":{"line":8,"column":60}},"type":"cond-expr","locations":[{"start":{"line":8,"column":26},"end":{"line":8,"column":56}},{"start":{"line":8,"column":59},"end":{"line":8,"column":60}}],"line":8},"1":{"loc":{"start":{"line":11,"column":979},"end":{"line":11,"column":1021}},"type":"cond-expr","locations":[{"start":{"line":11,"column":991},"end":{"line":11,"column":1017}},{"start":{"line":11,"column":1020},"end":{"line":11,"column":1021}}],"line":11},"2":{"loc":{"start":{"line":11,"column":1499},"end":{"line":11,"column":1521}},"type":"binary-expr","locations":[{"start":{"line":11,"column":1499},"end":{"line":11,"column":1516}},{"start":{"line":11,"column":1520},"end":{"line":11,"column":1521}}],"line":11}},"s":{"0":1,"1":1,"2":2,"3":1,"4":7,"5":35,"6":7,"7":29,"8":1,"9":7,"10":1,"11":7,"12":1,"13":1,"14":1,"15":1,"16":1,"17":1,"18":0,"19":1,"20":4,"21":7,"22":6,"23":30,"24":6},"f":{"0":1,"1":2,"2":7,"3":35,"4":29,"5":7,"6":7,"7":1,"8":1,"9":1,"10":0,"11":4,"12":7,"13":6,"14":30},"b":{"0":[1,0],"1":[7,0],"2":[6,0]},"_coverageSchema":"1a1c01bbd47fc00a2c39e90264f33305004495a9","hash":"7c0968410cf10264275f776d8551e02cf9471f6a"}
,"C:\\Users\\Latitude 5490\\Desktop\\practicas de progra\\practicas semana 7\\15-Jest\\daily-planner\\daily-planner\\src\\Pages\\Weekly.jsx": {"path":"C:\\Users\\Latitude 5490\\Desktop\\practicas de progra\\practicas semana 7\\15-Jest\\daily-planner\\daily-planner\\src\\Pages\\Weekly.jsx","statementMap":{"0":{"start":{"line":4,"column":19},"end":{"line":4,"column":37}},"1":{"start":{"line":5,"column":2},"end":{"line":5,"column":1206}},"2":{"start":{"line":5,"column":391},"end":{"line":5,"column":971}},"3":{"start":{"line":5,"column":519},"end":{"line":5,"column":540}},"4":{"start":{"line":5,"column":666},"end":{"line":5,"column":688}},"5":{"start":{"line":5,"column":700},"end":{"line":5,"column":963}},"6":{"start":{"line":5,"column":782},"end":{"line":5,"column":799}},"7":{"start":{"line":5,"column":1122},"end":{"line":5,"column":1150}}},"fnMap":{"0":{"name":"Weekly","decl":{"start":{"line":3,"column":24},"end":{"line":3,"column":30}},"loc":{"start":{"line":3,"column":92},"end":{"line":6,"column":1}},"line":3},"1":{"name":"(anonymous_1)","decl":{"start":{"line":5,"column":375},"end":{"line":5,"column":376}},"loc":{"start":{"line":5,"column":391},"end":{"line":5,"column":971}},"line":5},"2":{"name":"(anonymous_2)","decl":{"start":{"line":5,"column":513},"end":{"line":5,"column":514}},"loc":{"start":{"line":5,"column":519},"end":{"line":5,"column":540}},"line":5},"3":{"name":"(anonymous_3)","decl":{"start":{"line":5,"column":661},"end":{"line":5,"column":662}},"loc":{"start":{"line":5,"column":666},"end":{"line":5,"column":688}},"line":5},"4":{"name":"(anonymous_4)","decl":{"start":{"line":5,"column":695},"end":{"line":5,"column":696}},"loc":{"start":{"line":5,"column":700},"end":{"line":5,"column":963}},"line":5},"5":{"name":"(anonymous_5)","decl":{"start":{"line":5,"column":776},"end":{"line":5,"column":777}},"loc":{"start":{"line":5,"column":782},"end":{"line":5,"column":799}},"line":5},"6":{"name":"(anonymous_6)","decl":{"start":{"line":5,"column":1117},"end":{"line":5,"column":1118}},"loc":{"start":{"line":5,"column":1122},"end":{"line":5,"column":1150}},"line":5}},"branchMap":{"0":{"loc":{"start":{"line":5,"column":461},"end":{"line":5,"column":500}},"type":"cond-expr","locations":[{"start":{"line":5,"column":485},"end":{"line":5,"column":495}},{"start":{"line":5,"column":498},"end":{"line":5,"column":500}}],"line":5},"1":{"loc":{"start":{"line":5,"column":868},"end":{"line":5,"column":946}},"type":"cond-expr","locations":[{"start":{"line":5,"column":919},"end":{"line":5,"column":933}},{"start":{"line":5,"column":936},"end":{"line":5,"column":946}}],"line":5}},"s":{"0":1,"1":1,"2":7,"3":1,"4":35,"5":29,"6":1,"7":5},"f":{"0":1,"1":7,"2":1,"3":35,"4":29,"5":1,"6":5},"b":{"0":[1,6],"1":[0,29]},"_coverageSchema":"1a1c01bbd47fc00a2c39e90264f33305004495a9","hash":"5e710474cdc58f04a831a9b20f9fbf74fa445590"}
,"C:\\Users\\Latitude 5490\\Desktop\\practicas de progra\\practicas semana 7\\15-Jest\\daily-planner\\daily-planner\\src\\Services\\routineService.js": {"path":"C:\\Users\\Latitude 5490\\Desktop\\practicas de progra\\practicas semana 7\\15-Jest\\daily-planner\\daily-planner\\src\\Services\\routineService.js","statementMap":{"0":{"start":{"line":1,"column":20},"end":{"line":1,"column":94}},"1":{"start":{"line":2,"column":26},"end":{"line":2,"column":99}},"2":{"start":{"line":3,"column":27},"end":{"line":3,"column":45}},"3":{"start":{"line":4,"column":23},"end":{"line":4,"column":160}},"4":{"start":{"line":4,"column":46},"end":{"line":4,"column":160}},"5":{"start":{"line":5,"column":24},"end":{"line":5,"column":70}},"6":{"start":{"line":5,"column":47},"end":{"line":5,"column":70}},"7":{"start":{"line":6,"column":23},"end":{"line":6,"column":86}},"8":{"start":{"line":6,"column":33},"end":{"line":6,"column":86}},"9":{"start":{"line":7,"column":24},"end":{"line":7,"column":85}},"10":{"start":{"line":7,"column":38},"end":{"line":7,"column":85}},"11":{"start":{"line":8,"column":23},"end":{"line":8,"column":101}},"12":{"start":{"line":8,"column":39},"end":{"line":8,"column":101}},"13":{"start":{"line":8,"column":70},"end":{"line":8,"column":100}},"14":{"start":{"line":10,"column":17},"end":{"line":10,"column":91}},"15":{"start":{"line":11,"column":2},"end":{"line":11,"column":108}},"16":{"start":{"line":11,"column":32},"end":{"line":11,"column":107}},"17":{"start":{"line":14,"column":20},"end":{"line":20,"column":3}},"18":{"start":{"line":21,"column":2},"end":{"line":21,"column":278}},"19":{"start":{"line":21,"column":80},"end":{"line":21,"column":247}},"20":{"start":{"line":24,"column":2},"end":{"line":24,"column":74}},"21":{"start":{"line":24,"column":31},"end":{"line":24,"column":74}},"22":{"start":{"line":25,"column":2},"end":{"line":25,"column":99}},"23":{"start":{"line":25,"column":42},"end":{"line":25,"column":99}},"24":{"start":{"line":26,"column":2},"end":{"line":26,"column":88}},"25":{"start":{"line":26,"column":47},"end":{"line":26,"column":88}},"26":{"start":{"line":27,"column":2},"end":{"line":27,"column":141}},"27":{"start":{"line":27,"column":108},"end":{"line":27,"column":141}},"28":{"start":{"line":28,"column":2},"end":{"line":28,"column":86}},"29":{"start":{"line":28,"column":31},"end":{"line":28,"column":86}},"30":{"start":{"line":29,"column":2},"end":{"line":29,"column":180}},"31":{"start":{"line":29,"column":90},"end":{"line":29,"column":134}},"32":{"start":{"line":29,"column":137},"end":{"line":29,"column":180}},"33":{"start":{"line":30,"column":2},"end":{"line":30,"column":109}},"34":{"start":{"line":30,"column":66},"end":{"line":30,"column":109}},"35":{"start":{"line":31,"column":2},"end":{"line":31,"column":11}},"36":{"start":{"line":34,"column":14},"end":{"line":34,"column":42}},"37":{"start":{"line":35,"column":2},"end":{"line":35,"column":32}},"38":{"start":{"line":35,"column":12},"end":{"line":35,"column":32}},"39":{"start":{"line":36,"column":15},"end":{"line":36,"column":30}},"40":{"start":{"line":37,"column":2},"end":{"line":37,"column":287}},"41":{"start":{"line":37,"column":132},"end":{"line":37,"column":215}},"42":{"start":{"line":37,"column":218},"end":{"line":37,"column":287}},"43":{"start":{"line":38,"column":2},"end":{"line":38,"column":13}},"44":{"start":{"line":41,"column":16},"end":{"line":41,"column":28}},"45":{"start":{"line":42,"column":2},"end":{"line":45,"column":69}},"46":{"start":{"line":42,"column":32},"end":{"line":42,"column":123}},"47":{"start":{"line":43,"column":18},"end":{"line":43,"column":62}},"48":{"start":{"line":44,"column":4},"end":{"line":44,"column":177}},"49":{"start":{"line":45,"column":17},"end":{"line":45,"column":68}}},"fnMap":{"0":{"name":"(anonymous_0)","decl":{"start":{"line":4,"column":23},"end":{"line":4,"column":24}},"loc":{"start":{"line":4,"column":46},"end":{"line":4,"column":160}},"line":4},"1":{"name":"(anonymous_1)","decl":{"start":{"line":5,"column":24},"end":{"line":5,"column":25}},"loc":{"start":{"line":5,"column":47},"end":{"line":5,"column":70}},"line":5},"2":{"name":"(anonymous_2)","decl":{"start":{"line":6,"column":23},"end":{"line":6,"column":24}},"loc":{"start":{"line":6,"column":33},"end":{"line":6,"column":86}},"line":6},"3":{"name":"(anonymous_3)","decl":{"start":{"line":7,"column":24},"end":{"line":7,"column":25}},"loc":{"start":{"line":7,"column":38},"end":{"line":7,"column":85}},"line":7},"4":{"name":"(anonymous_4)","decl":{"start":{"line":8,"column":23},"end":{"line":8,"column":24}},"loc":{"start":{"line":8,"column":39},"end":{"line":8,"column":101}},"line":8},"5":{"name":"(anonymous_5)","decl":{"start":{"line":8,"column":60},"end":{"line":8,"column":61}},"loc":{"start":{"line":8,"column":70},"end":{"line":8,"column":100}},"line":8},"6":{"name":"weekDates","decl":{"start":{"line":9,"column":16},"end":{"line":9,"column":25}},"loc":{"start":{"line":9,"column":44},"end":{"line":12,"column":1}},"line":9},"7":{"name":"(anonymous_7)","decl":{"start":{"line":11,"column":18},"end":{"line":11,"column":19}},"loc":{"start":{"line":11,"column":32},"end":{"line":11,"column":107}},"line":11},"8":{"name":"initialData","decl":{"start":{"line":13,"column":16},"end":{"line":13,"column":27}},"loc":{"start":{"line":13,"column":30},"end":{"line":22,"column":1}},"line":13},"9":{"name":"(anonymous_9)","decl":{"start":{"line":21,"column":37},"end":{"line":21,"column":38}},"loc":{"start":{"line":21,"column":80},"end":{"line":21,"column":247}},"line":21},"10":{"name":"validateActivity","decl":{"start":{"line":23,"column":16},"end":{"line":23,"column":32}},"loc":{"start":{"line":23,"column":43},"end":{"line":32,"column":1}},"line":23},"11":{"name":"(anonymous_11)","decl":{"start":{"line":29,"column":83},"end":{"line":29,"column":84}},"loc":{"start":{"line":29,"column":90},"end":{"line":29,"column":134}},"line":29},"12":{"name":"readData","decl":{"start":{"line":33,"column":16},"end":{"line":33,"column":24}},"loc":{"start":{"line":33,"column":34},"end":{"line":39,"column":1}},"line":33},"13":{"name":"(anonymous_13)","decl":{"start":{"line":37,"column":127},"end":{"line":37,"column":128}},"loc":{"start":{"line":37,"column":132},"end":{"line":37,"column":215}},"line":37},"14":{"name":"reminderCandidates","decl":{"start":{"line":40,"column":16},"end":{"line":40,"column":34}},"loc":{"start":{"line":40,"column":65},"end":{"line":46,"column":1}},"line":40},"15":{"name":"(anonymous_15)","decl":{"start":{"line":42,"column":27},"end":{"line":42,"column":28}},"loc":{"start":{"line":42,"column":32},"end":{"line":42,"column":123}},"line":42},"16":{"name":"(anonymous_16)","decl":{"start":{"line":42,"column":129},"end":{"line":42,"column":130}},"loc":{"start":{"line":42,"column":134},"end":{"line":45,"column":3}},"line":42},"17":{"name":"(anonymous_17)","decl":{"start":{"line":45,"column":12},"end":{"line":45,"column":13}},"loc":{"start":{"line":45,"column":17},"end":{"line":45,"column":68}},"line":45}},"branchMap":{"0":{"loc":{"start":{"line":4,"column":24},"end":{"line":4,"column":41}},"type":"default-arg","locations":[{"start":{"line":4,"column":31},"end":{"line":4,"column":41}}],"line":4},"1":{"loc":{"start":{"line":5,"column":25},"end":{"line":5,"column":42}},"type":"default-arg","locations":[{"start":{"line":5,"column":32},"end":{"line":5,"column":42}}],"line":5},"2":{"loc":{"start":{"line":9,"column":26},"end":{"line":9,"column":42}},"type":"default-arg","locations":[{"start":{"line":9,"column":32},"end":{"line":9,"column":42}}],"line":9},"3":{"loc":{"start":{"line":21,"column":141},"end":{"line":21,"column":209}},"type":"cond-expr","locations":[{"start":{"line":21,"column":170},"end":{"line":21,"column":191}},{"start":{"line":21,"column":194},"end":{"line":21,"column":209}}],"line":21},"4":{"loc":{"start":{"line":21,"column":141},"end":{"line":21,"column":167}},"type":"binary-expr","locations":[{"start":{"line":21,"column":141},"end":{"line":21,"column":152}},{"start":{"line":21,"column":156},"end":{"line":21,"column":167}}],"line":21},"5":{"loc":{"start":{"line":24,"column":2},"end":{"line":24,"column":74}},"type":"if","locations":[{"start":{"line":24,"column":2},"end":{"line":24,"column":74}},{"start":{},"end":{}}],"line":24},"6":{"loc":{"start":{"line":25,"column":2},"end":{"line":25,"column":99}},"type":"if","locations":[{"start":{"line":25,"column":2},"end":{"line":25,"column":99}},{"start":{},"end":{}}],"line":25},"7":{"loc":{"start":{"line":26,"column":2},"end":{"line":26,"column":88}},"type":"if","locations":[{"start":{"line":26,"column":2},"end":{"line":26,"column":88}},{"start":{},"end":{}}],"line":26},"8":{"loc":{"start":{"line":27,"column":2},"end":{"line":27,"column":141}},"type":"if","locations":[{"start":{"line":27,"column":2},"end":{"line":27,"column":141}},{"start":{},"end":{}}],"line":27},"9":{"loc":{"start":{"line":27,"column":6},"end":{"line":27,"column":106}},"type":"binary-expr","locations":[{"start":{"line":27,"column":6},"end":{"line":27,"column":55}},{"start":{"line":27,"column":59},"end":{"line":27,"column":106}}],"line":27},"10":{"loc":{"start":{"line":28,"column":2},"end":{"line":28,"column":86}},"type":"if","locations":[{"start":{"line":28,"column":2},"end":{"line":28,"column":86}},{"start":{},"end":{}}],"line":28},"11":{"loc":{"start":{"line":29,"column":2},"end":{"line":29,"column":180}},"type":"if","locations":[{"start":{"line":29,"column":2},"end":{"line":29,"column":180}},{"start":{},"end":{}}],"line":29},"12":{"loc":{"start":{"line":29,"column":6},"end":{"line":29,"column":135}},"type":"binary-expr","locations":[{"start":{"line":29,"column":6},"end":{"line":29,"column":35}},{"start":{"line":29,"column":39},"end":{"line":29,"column":60}},{"start":{"line":29,"column":64},"end":{"line":29,"column":135}}],"line":29},"13":{"loc":{"start":{"line":29,"column":90},"end":{"line":29,"column":134}},"type":"binary-expr","locations":[{"start":{"line":29,"column":90},"end":{"line":29,"column":112}},{"start":{"line":29,"column":116},"end":{"line":29,"column":123}},{"start":{"line":29,"column":127},"end":{"line":29,"column":134}}],"line":29},"14":{"loc":{"start":{"line":30,"column":2},"end":{"line":30,"column":109}},"type":"if","locations":[{"start":{"line":30,"column":2},"end":{"line":30,"column":109}},{"start":{},"end":{}}],"line":30},"15":{"loc":{"start":{"line":35,"column":2},"end":{"line":35,"column":32}},"type":"if","locations":[{"start":{"line":35,"column":2},"end":{"line":35,"column":32}},{"start":{},"end":{}}],"line":35},"16":{"loc":{"start":{"line":37,"column":2},"end":{"line":37,"column":287}},"type":"if","locations":[{"start":{"line":37,"column":2},"end":{"line":37,"column":287}},{"start":{},"end":{}}],"line":37},"17":{"loc":{"start":{"line":37,"column":6},"end":{"line":37,"column":216}},"type":"binary-expr","locations":[{"start":{"line":37,"column":6},"end":{"line":37,"column":37}},{"start":{"line":37,"column":41},"end":{"line":37,"column":70}},{"start":{"line":37,"column":74},"end":{"line":37,"column":102}},{"start":{"line":37,"column":106},"end":{"line":37,"column":216}}],"line":37},"18":{"loc":{"start":{"line":37,"column":132},"end":{"line":37,"column":215}},"type":"binary-expr","locations":[{"start":{"line":37,"column":132},"end":{"line":37,"column":151}},{"start":{"line":37,"column":155},"end":{"line":37,"column":179}},{"start":{"line":37,"column":183},"end":{"line":37,"column":215}}],"line":37},"19":{"loc":{"start":{"line":40,"column":47},"end":{"line":40,"column":63}},"type":"default-arg","locations":[{"start":{"line":40,"column":53},"end":{"line":40,"column":63}}],"line":40},"20":{"loc":{"start":{"line":42,"column":32},"end":{"line":42,"column":123}},"type":"binary-expr","locations":[{"start":{"line":42,"column":32},"end":{"line":42,"column":62}},{"start":{"line":42,"column":66},"end":{"line":42,"column":86}},{"start":{"line":42,"column":90},"end":{"line":42,"column":123}}],"line":42},"21":{"loc":{"start":{"line":45,"column":17},"end":{"line":45,"column":68}},"type":"binary-expr","locations":[{"start":{"line":45,"column":17},"end":{"line":45,"column":39}},{"start":{"line":45,"column":43},"end":{"line":45,"column":68}}],"line":45}},"s":{"0":13,"1":13,"2":13,"3":13,"4":1275,"5":13,"6":1014,"7":13,"8":46,"9":13,"10":23,"11":13,"12":20,"13":87,"14":11,"15":11,"16":77,"17":36,"18":36,"19":180,"20":25,"21":1,"22":24,"23":0,"24":24,"25":1,"26":23,"27":1,"28":22,"29":2,"30":20,"31":103,"32":1,"33":19,"34":1,"35":18,"36":6,"37":6,"38":1,"39":5,"40":4,"41":11,"42":1,"43":3,"44":938,"45":938,"46":956,"47":953,"48":953,"49":953},"f":{"0":1275,"1":1014,"2":46,"3":23,"4":20,"5":87,"6":11,"7":77,"8":36,"9":180,"10":25,"11":103,"12":6,"13":11,"14":938,"15":956,"16":953,"17":953},"b":{"0":[6],"1":[2],"2":[0],"3":[72,108],"4":[180,144],"5":[1,24],"6":[0,24],"7":[1,23],"8":[1,22],"9":[23,22],"10":[2,20],"11":[1,19],"12":[20,20,19],"13":[103,103,103],"14":[1,18],"15":[1,5],"16":[1,3],"17":[4,3,3,3],"18":[11,11,11],"19":[924],"20":[956,955,954],"21":[953,927]},"_coverageSchema":"1a1c01bbd47fc00a2c39e90264f33305004495a9","hash":"23790ab295f468ec0d63a11a67687aeb22b4adfe"}
,"C:\\Users\\Latitude 5490\\Desktop\\practicas de progra\\practicas semana 7\\15-Jest\\daily-planner\\daily-planner\\src\\utils\\matematicas.js": {"path":"C:\\Users\\Latitude 5490\\Desktop\\practicas de progra\\practicas semana 7\\15-Jest\\daily-planner\\daily-planner\\src\\utils\\matematicas.js","statementMap":{"0":{"start":{"line":3,"column":2},"end":{"line":3,"column":14}},"1":{"start":{"line":7,"column":2},"end":{"line":7,"column":14}},"2":{"start":{"line":11,"column":2},"end":{"line":11,"column":14}},"3":{"start":{"line":16,"column":2},"end":{"line":16,"column":26}},"4":{"start":{"line":16,"column":15},"end":{"line":16,"column":26}},"5":{"start":{"line":17,"column":2},"end":{"line":17,"column":14}},"6":{"start":{"line":22,"column":2},"end":{"line":22,"column":37}},"7":{"start":{"line":22,"column":26},"end":{"line":22,"column":37}},"8":{"start":{"line":23,"column":2},"end":{"line":23,"column":72}},"9":{"start":{"line":23,"column":40},"end":{"line":23,"column":53}}},"fnMap":{"0":{"name":"sumar","decl":{"start":{"line":2,"column":16},"end":{"line":2,"column":21}},"loc":{"start":{"line":2,"column":28},"end":{"line":4,"column":1}},"line":2},"1":{"name":"restar","decl":{"start":{"line":6,"column":16},"end":{"line":6,"column":22}},"loc":{"start":{"line":6,"column":29},"end":{"line":8,"column":1}},"line":6},"2":{"name":"multiplicar","decl":{"start":{"line":10,"column":16},"end":{"line":10,"column":27}},"loc":{"start":{"line":10,"column":34},"end":{"line":12,"column":1}},"line":10},"3":{"name":"dividir","decl":{"start":{"line":14,"column":16},"end":{"line":14,"column":23}},"loc":{"start":{"line":14,"column":30},"end":{"line":18,"column":1}},"line":14},"4":{"name":"promedio","decl":{"start":{"line":20,"column":16},"end":{"line":20,"column":24}},"loc":{"start":{"line":20,"column":32},"end":{"line":24,"column":1}},"line":20},"5":{"name":"(anonymous_5)","decl":{"start":{"line":23,"column":22},"end":{"line":23,"column":23}},"loc":{"start":{"line":23,"column":40},"end":{"line":23,"column":53}},"line":23}},"branchMap":{"0":{"loc":{"start":{"line":16,"column":2},"end":{"line":16,"column":26}},"type":"if","locations":[{"start":{"line":16,"column":2},"end":{"line":16,"column":26}},{"start":{},"end":{}}],"line":16},"1":{"loc":{"start":{"line":22,"column":2},"end":{"line":22,"column":37}},"type":"if","locations":[{"start":{"line":22,"column":2},"end":{"line":22,"column":37}},{"start":{},"end":{}}],"line":22}},"s":{"0":4,"1":4,"2":4,"3":7,"4":3,"5":4,"6":7,"7":1,"8":6,"9":14},"f":{"0":4,"1":4,"2":4,"3":7,"4":7,"5":14},"b":{"0":[3,4],"1":[1,6]},"_coverageSchema":"1a1c01bbd47fc00a2c39e90264f33305004495a9","hash":"77b357ca7d0f9c574a47c6d813640351c7fecbe8"}
}
