TN:
SF:src\App.jsx
FN:16,load
FN:21,App
FN:25,(anonymous_2)
FN:27,(anonymous_3)
FN:28,(anonymous_4)
FN:36,(anonymous_5)
FN:36,(anonymous_6)
FN:39,(anonymous_7)
FN:42,(anonymous_8)
FN:44,(anonymous_9)
FN:45,(anonymous_10)
FN:46,onHash
FN:48,(anonymous_12)
FN:50,navigate
FN:51,clearForm
FN:51,(anonymous_15)
FN:52,save
FN:53,(anonymous_17)
FN:53,(anonymous_18)
FN:56,confirmDelete
FN:57,(anonymous_20)
FN:57,(anonymous_21)
FN:57,(anonymous_22)
FN:62,(anonymous_23)
FN:64,(anonymous_24)
FN:64,(anonymous_25)
FN:64,(anonymous_26)
FN:64,(anonymous_27)
FN:65,(anonymous_28)
FN:65,(anonymous_29)
FN:66,(anonymous_30)
FN:67,(anonymous_31)
FN:69,(anonymous_32)
FN:69,(anonymous_33)
FN:70,(anonymous_34)
FN:70,(anonymous_35)
FN:71,(anonymous_36)
FN:71,(anonymous_37)
FN:71,(anonymous_38)
FN:71,(anonymous_39)
FN:71,(anonymous_40)
FN:71,(anonymous_41)
FN:71,(anonymous_42)
FN:71,(anonymous_43)
FN:71,(anonymous_44)
FNF:45
FNH:23
FNDA:2,load
FNDA:8,App
FNDA:2,(anonymous_2)
FNDA:2,(anonymous_3)
FNDA:2,(anonymous_4)
FNDA:0,(anonymous_5)
FNDA:0,(anonymous_6)
FNDA:4,(anonymous_7)
FNDA:0,(anonymous_8)
FNDA:2,(anonymous_9)
FNDA:0,(anonymous_10)
FNDA:0,onHash
FNDA:2,(anonymous_12)
FNDA:1,navigate
FNDA:1,clearForm
FNDA:1,(anonymous_15)
FNDA:1,save
FNDA:1,(anonymous_17)
FNDA:0,(anonymous_18)
FNDA:1,confirmDelete
FNDA:1,(anonymous_20)
FNDA:6,(anonymous_21)
FNDA:0,(anonymous_22)
FNDA:45,(anonymous_23)
FNDA:0,(anonymous_24)
FNDA:0,(anonymous_25)
FNDA:0,(anonymous_26)
FNDA:0,(anonymous_27)
FNDA:0,(anonymous_28)
FNDA:0,(anonymous_29)
FNDA:2,(anonymous_30)
FNDA:0,(anonymous_31)
FNDA:56,(anonymous_32)
FNDA:315,(anonymous_33)
FNDA:56,(anonymous_34)
FNDA:315,(anonymous_35)
FNDA:0,(anonymous_36)
FNDA:0,(anonymous_37)
FNDA:0,(anonymous_38)
FNDA:0,(anonymous_39)
FNDA:0,(anonymous_40)
FNDA:0,(anonymous_41)
FNDA:0,(anonymous_42)
FNDA:0,(anonymous_43)
FNDA:1,(anonymous_44)
DA:17,2
DA:18,0
DA:20,1
DA:22,8
DA:23,8
DA:24,8
DA:25,8
DA:26,8
DA:27,8
DA:28,8
DA:29,8
DA:30,8
DA:31,8
DA:32,8
DA:33,8
DA:34,8
DA:35,8
DA:36,8
DA:37,8
DA:39,8
DA:40,4
DA:41,4
DA:42,0
DA:44,8
DA:45,2
DA:46,0
DA:47,2
DA:48,2
DA:50,1
DA:51,1
DA:53,1
DA:54,1
DA:57,6
DA:58,1
DA:59,1
DA:61,8
DA:62,45
DA:63,8
DA:64,0
DA:65,0
DA:66,2
DA:67,0
DA:69,315
DA:70,315
DA:71,8
LF:45
LH:39
BRDA:25,0,0,1
BRDA:25,0,1,1
BRDA:40,1,0,0
BRDA:40,1,1,4
BRDA:46,2,0,0
BRDA:46,2,1,0
BRDA:53,3,0,0
BRDA:53,3,1,1
BRDA:53,4,0,0
BRDA:53,4,1,0
BRDA:54,5,0,0
BRDA:54,5,1,1
BRDA:58,6,0,0
BRDA:58,6,1,1
BRDA:64,7,0,0
BRDA:64,7,1,0
BRDA:64,8,0,0
BRDA:64,8,1,0
BRDA:67,9,0,0
BRDA:67,9,1,0
BRDA:70,10,0,315
BRDA:70,10,1,257
BRDA:71,11,0,8
BRDA:71,11,1,0
BRDA:71,12,0,8
BRDA:71,12,1,0
BRDA:71,13,0,8
BRDA:71,13,1,0
BRDA:71,14,0,8
BRDA:71,14,1,2
BRDA:71,15,0,8
BRDA:71,15,1,1
BRDA:71,16,0,8
BRDA:71,16,1,0
BRDA:71,17,0,8
BRDA:71,17,1,7
BRDA:71,18,0,7
BRDA:71,18,1,0
BRDA:71,19,0,8
BRDA:71,19,1,0
BRDA:71,20,0,8
BRDA:71,20,1,0
BRF:42
BRH:21
end_of_record
TN:
SF:src\testStyles.js
FNF:0
FNH:0
LF:0
LH:0
BRF:0
BRH:0
end_of_record
TN:
SF:src\Components\DailySummary.jsx
FN:1,DailySummary
FN:2,(anonymous_1)
FN:3,(anonymous_2)
FN:3,(anonymous_3)
FN:4,(anonymous_4)
FN:4,(anonymous_5)
FN:6,(anonymous_6)
FNF:7
FNH:6
FNDA:3,DailySummary
FNDA:11,(anonymous_1)
FNDA:2,(anonymous_2)
FNDA:1,(anonymous_3)
FNDA:2,(anonymous_4)
FNDA:0,(anonymous_5)
FNDA:12,(anonymous_6)
DA:2,11
DA:3,3
DA:4,3
DA:5,3
DA:6,12
LF:5
LH:5
BRDA:1,0,0,3
BRDA:3,1,0,2
BRDA:3,1,1,1
BRDA:4,2,0,2
BRDA:4,2,1,1
BRDA:6,3,0,0
BRDA:6,3,1,3
BRDA:6,4,0,3
BRDA:6,4,1,9
BRF:9
BRH:8
end_of_record
TN:
SF:src\Components\Header.jsx
FN:1,Header
FNF:1
FNH:1
FNDA:9,Header
DA:2,9
LF:1
LH:1
BRDA:2,0,0,0
BRDA:2,0,1,9
BRDA:2,1,0,0
BRDA:2,1,1,9
BRDA:2,2,0,0
BRDA:2,2,1,9
BRDA:2,3,0,8
BRDA:2,3,1,1
BRF:8
BRH:5
end_of_record
TN:
SF:src\Components\RoutineForm.jsx
FN:3,RoutineForm
FN:6,change
FN:6,(anonymous_2)
FN:7,submit
FN:8,(anonymous_4)
FN:8,(anonymous_5)
FN:8,(anonymous_6)
FN:8,(anonymous_7)
FN:8,(anonymous_8)
FN:8,(anonymous_9)
FN:8,(anonymous_10)
FN:8,(anonymous_11)
FN:8,(anonymous_12)
FN:8,(anonymous_13)
FNF:14
FNH:9
FNDA:16,RoutineForm
FNDA:3,change
FNDA:3,(anonymous_2)
FNDA:3,submit
FNDA:2,(anonymous_4)
FNDA:96,(anonymous_5)
FNDA:0,(anonymous_6)
FNDA:0,(anonymous_7)
FNDA:1,(anonymous_8)
FNDA:112,(anonymous_9)
FNDA:0,(anonymous_10)
FNDA:0,(anonymous_11)
FNDA:0,(anonymous_12)
FNDA:48,(anonymous_13)
DA:4,16
DA:5,16
DA:6,3
DA:7,3
DA:8,112
LF:5
LH:5
BRDA:4,0,0,16
BRDA:4,0,1,13
BRDA:7,1,0,2
BRDA:7,1,1,1
BRDA:8,2,0,3
BRDA:8,2,1,13
BRDA:8,3,0,16
BRDA:8,3,1,80
BRDA:8,4,0,80
BRDA:8,4,1,32
BRDA:8,5,0,0
BRDA:8,5,1,0
BRDA:8,6,0,16
BRDA:8,6,1,1
BRDA:8,7,0,3
BRDA:8,7,1,13
BRDA:8,8,0,3
BRDA:8,8,1,13
BRF:18
BRH:16
end_of_record
TN:
SF:src\Components\RoutineItem.jsx
FN:2,RoutineItem
FN:4,(anonymous_1)
FN:4,(anonymous_2)
FN:4,(anonymous_3)
FN:4,(anonymous_4)
FN:4,(anonymous_5)
FNF:6
FNH:5
FNDA:62,RoutineItem
FNDA:1,(anonymous_1)
FNDA:356,(anonymous_2)
FNDA:0,(anonymous_3)
FNDA:1,(anonymous_4)
FNDA:3,(anonymous_5)
DA:3,62
DA:4,356
LF:2
LH:2
BRDA:4,0,0,0
BRDA:4,0,1,62
BRDA:4,1,0,0
BRDA:4,1,1,62
BRDA:4,2,0,0
BRDA:4,2,1,62
BRDA:4,3,0,0
BRDA:4,3,1,62
BRF:8
BRH:4
end_of_record
TN:
SF:src\Components\RoutineList.jsx
FN:3,RoutineList
FN:4,(anonymous_1)
FNF:2
FNH:2
FNDA:14,RoutineList
FNDA:61,(anonymous_1)
DA:4,61
LF:1
LH:1
BRDA:4,0,0,12
BRDA:4,0,1,2
BRF:2
BRH:2
end_of_record
TN:
SF:src\Components\Sidebar.jsx
FN:3,Sidebar
FN:4,(anonymous_1)
FN:4,(anonymous_2)
FN:4,(anonymous_3)
FNF:4
FNH:3
FNDA:9,Sidebar
FNDA:0,(anonymous_1)
FNDA:45,(anonymous_2)
FNDA:2,(anonymous_3)
DA:2,2
DA:4,45
LF:2
LH:2
BRDA:4,0,0,1
BRDA:4,0,1,8
BRDA:4,1,0,9
BRDA:4,1,1,36
BRDA:4,2,0,9
BRDA:4,2,1,36
BRF:6
BRH:6
end_of_record
TN:
SF:src\Components\TimerPanel.jsx
FN:1,TimerPanel
FN:3,(anonymous_1)
FN:3,(anonymous_2)
FN:3,(anonymous_3)
FN:3,(anonymous_4)
FNF:5
FNH:3
FNDA:5,TimerPanel
FNDA:9,(anonymous_1)
FNDA:0,(anonymous_2)
FNDA:0,(anonymous_3)
FNDA:10,(anonymous_4)
DA:2,5
DA:3,10
LF:2
LH:2
BRDA:1,0,0,3
BRDA:3,1,0,2
BRDA:3,1,1,3
BRDA:3,2,0,5
BRDA:3,2,1,0
BRDA:3,3,0,1
BRDA:3,3,1,4
BRDA:3,4,0,5
BRDA:3,4,1,3
BRDA:3,5,0,3
BRDA:3,5,1,6
BRDA:3,6,0,9
BRDA:3,6,1,9
BRDA:3,7,0,5
BRDA:3,7,1,0
BRDA:3,8,0,1
BRDA:3,8,1,4
BRDA:3,9,0,0
BRDA:3,9,1,4
BRDA:3,10,0,1
BRDA:3,10,1,4
BRDA:3,11,0,0
BRDA:3,11,1,4
BRDA:3,12,0,5
BRDA:3,12,1,0
BRF:25
BRH:20
end_of_record
TN:
SF:src\Components\useReminders.js
FN:4,useReminders
FN:5,(anonymous_1)
FN:6,(anonymous_2)
FN:6,(anonymous_3)
FN:7,(anonymous_4)
FN:8,check
FN:11,(anonymous_6)
FN:12,(anonymous_7)
FN:13,(anonymous_8)
FN:13,(anonymous_9)
FN:13,(anonymous_10)
FN:14,(anonymous_11)
FN:15,(anonymous_12)
FN:21,(anonymous_13)
FN:21,(anonymous_14)
FN:21,(anonymous_15)
FN:25,(anonymous_16)
FN:27,requestPermission
FN:31,dismiss
FN:31,(anonymous_19)
FN:31,(anonymous_20)
FN:32,snooze
FN:34,(anonymous_22)
FN:34,(anonymous_23)
FN:36,(anonymous_24)
FNF:25
FNH:24
FNDA:26,useReminders
FNDA:8,(anonymous_1)
FNDA:13,(anonymous_2)
FNDA:11,(anonymous_3)
FNDA:21,(anonymous_4)
FNDA:924,check
FNDA:915,(anonymous_6)
FNDA:920,(anonymous_7)
FNDA:5,(anonymous_8)
FNDA:5,(anonymous_9)
FNDA:0,(anonymous_10)
FNDA:920,(anonymous_11)
FNDA:7,(anonymous_12)
FNDA:7,(anonymous_13)
FNDA:7,(anonymous_14)
FNDA:7,(anonymous_15)
FNDA:21,(anonymous_16)
FNDA:1,requestPermission
FNDA:2,dismiss
FNDA:2,(anonymous_19)
FNDA:2,(anonymous_20)
FNDA:2,snooze
FNDA:2,(anonymous_22)
FNDA:2,(anonymous_23)
FNDA:13,(anonymous_24)
DA:5,26
DA:6,26
DA:7,26
DA:9,924
DA:10,924
DA:11,924
DA:12,924
DA:13,924
DA:14,924
DA:15,924
DA:16,7
DA:17,7
DA:18,5
DA:21,924
DA:23,21
DA:24,21
DA:25,21
DA:28,1
DA:29,1
DA:31,2
DA:33,2
DA:34,2
DA:36,26
LF:23
LH:23
BRDA:5,0,0,5
BRDA:5,0,1,3
BRDA:13,1,0,5
BRDA:13,1,1,919
BRDA:14,2,0,920
BRDA:14,2,1,918
BRDA:14,2,2,18
BRDA:17,3,0,5
BRDA:17,3,1,2
BRDA:17,4,0,7
BRDA:17,4,1,6
BRDA:21,5,0,7
BRDA:21,5,1,917
BRDA:21,6,0,7
BRDA:21,6,1,0
BRDA:28,7,0,0
BRDA:28,7,1,1
BRDA:31,8,0,2
BRDA:31,8,1,0
BRDA:34,9,0,2
BRDA:34,9,1,0
BRDA:36,10,0,13
BRDA:36,10,1,11
BRF:23
BRH:19
end_of_record
TN:
SF:src\Components\useTimer.js
FN:3,useTimer
FN:7,(anonymous_1)
FN:8,update
FN:9,finish
FN:16,(anonymous_4)
FN:17,(anonymous_5)
FN:26,(anonymous_6)
FN:28,toggle
FN:32,choose
FN:37,addTime
FN:38,selectActivity
FNF:11
FNH:11
FNDA:43,useTimer
FNDA:24,(anonymous_1)
FNDA:3335,update
FNDA:5,finish
FNDA:11,(anonymous_4)
FNDA:13352,(anonymous_5)
FNDA:11,(anonymous_6)
FNDA:7,toggle
FNDA:7,choose
FNDA:1,addTime
FNDA:2,selectActivity
DA:4,43
DA:5,43
DA:6,43
DA:7,43
DA:8,3335
DA:10,5
DA:11,5
DA:12,5
DA:13,5
DA:14,5
DA:16,43
DA:17,11
DA:18,13352
DA:19,13352
DA:20,13260
DA:21,13260
DA:22,3
DA:23,3
DA:24,13257
DA:26,11
DA:29,7
DA:30,7
DA:33,7
DA:34,7
DA:35,6
DA:37,1
DA:38,2
DA:39,43
LF:28
LH:28
BRDA:11,0,0,1
BRDA:11,0,1,4
BRDA:13,1,0,1
BRDA:13,1,1,4
BRDA:14,2,0,1
BRDA:14,2,1,4
BRDA:14,3,0,1
BRDA:14,3,1,0
BRDA:19,4,0,92
BRDA:19,4,1,13260
BRDA:21,5,0,3
BRDA:21,5,1,13257
BRDA:23,6,0,0
BRDA:23,6,1,3
BRDA:24,7,0,3312
BRDA:24,7,1,9945
BRDA:30,8,0,1
BRDA:30,8,1,6
BRDA:32,9,0,4
BRDA:34,10,0,1
BRDA:34,10,1,6
BRDA:34,11,0,7
BRDA:34,11,1,6
BRDA:37,12,0,1
BRDA:37,12,1,0
BRDA:38,13,0,1
BRDA:38,13,1,1
BRDA:38,14,0,2
BRDA:38,14,1,1
BRDA:39,15,0,43
BRDA:39,15,1,33
BRF:31
BRH:28
end_of_record
TN:
SF:src\Pages\Activities.jsx
FN:4,Activities
FN:5,(anonymous_1)
FN:6,(anonymous_2)
FN:6,(anonymous_3)
FN:6,(anonymous_4)
FNF:5
FNH:3
FNDA:9,Activities
FNDA:50,(anonymous_1)
FNDA:0,(anonymous_2)
FNDA:0,(anonymous_3)
FNDA:63,(anonymous_4)
DA:5,50
DA:6,63
LF:2
LH:2
BRDA:5,0,0,50
BRDA:5,0,1,10
BRDA:5,0,2,44
BRF:3
BRH:3
end_of_record
TN:
SF:src\Pages\Dashboard.jsx
FN:4,Dashboard
FN:5,(anonymous_1)
FN:7,(anonymous_2)
FN:7,(anonymous_3)
FN:7,(anonymous_4)
FNF:5
FNH:3
FNDA:2,Dashboard
FNDA:10,(anonymous_1)
FNDA:1,(anonymous_2)
FNDA:0,(anonymous_3)
FNDA:0,(anonymous_4)
DA:5,10
DA:6,2
DA:7,2
LF:3
LH:3
BRDA:6,0,0,2
BRDA:6,0,1,0
BRF:2
BRH:1
end_of_record
TN:
SF:src\Pages\Focus.jsx
FN:2,Focus
FN:3,(anonymous_1)
FN:4,(anonymous_2)
FN:4,(anonymous_3)
FN:4,(anonymous_4)
FNF:5
FNH:5
FNDA:1,Focus
FNDA:1,(anonymous_1)
FNDA:3,(anonymous_2)
FNDA:1,(anonymous_3)
FNDA:1,(anonymous_4)
DA:3,1
DA:4,3
LF:2
LH:2
BRDA:4,0,0,0
BRDA:4,0,1,3
BRDA:4,1,0,3
BRDA:4,1,1,0
BRF:4
BRH:2
end_of_record
TN:
SF:src\Pages\Statistics.jsx
FN:2,Statistics
FN:4,(anonymous_1)
FN:5,(anonymous_2)
FN:5,(anonymous_3)
FN:5,(anonymous_4)
FN:6,(anonymous_5)
FN:7,(anonymous_6)
FN:9,(anonymous_7)
FN:9,(anonymous_8)
FN:10,(anonymous_9)
FN:10,(anonymous_10)
FN:11,(anonymous_11)
FN:11,(anonymous_12)
FN:11,(anonymous_13)
FN:11,(anonymous_14)
FNF:15
FNH:14
FNDA:1,Statistics
FNDA:2,(anonymous_1)
FNDA:7,(anonymous_2)
FNDA:35,(anonymous_3)
FNDA:29,(anonymous_4)
FNDA:7,(anonymous_5)
FNDA:7,(anonymous_6)
FNDA:1,(anonymous_7)
FNDA:1,(anonymous_8)
FNDA:1,(anonymous_9)
FNDA:0,(anonymous_10)
FNDA:4,(anonymous_11)
FNDA:7,(anonymous_12)
FNDA:6,(anonymous_13)
FNDA:30,(anonymous_14)
DA:3,1
DA:4,2
DA:5,35
DA:6,7
DA:7,7
DA:8,1
DA:9,1
DA:10,1
DA:11,30
LF:9
LH:9
BRDA:8,0,0,1
BRDA:8,0,1,0
BRDA:11,1,0,7
BRDA:11,1,1,0
BRDA:11,2,0,6
BRDA:11,2,1,0
BRF:6
BRH:3
end_of_record
TN:
SF:src\Pages\Weekly.jsx
FN:3,Weekly
FN:5,(anonymous_1)
FN:5,(anonymous_2)
FN:5,(anonymous_3)
FN:5,(anonymous_4)
FN:5,(anonymous_5)
FN:5,(anonymous_6)
FNF:7
FNH:7
FNDA:1,Weekly
FNDA:7,(anonymous_1)
FNDA:1,(anonymous_2)
FNDA:35,(anonymous_3)
FNDA:29,(anonymous_4)
FNDA:1,(anonymous_5)
FNDA:5,(anonymous_6)
DA:4,1
DA:5,35
LF:2
LH:2
BRDA:5,0,0,1
BRDA:5,0,1,6
BRDA:5,1,0,0
BRDA:5,1,1,29
BRF:4
BRH:3
end_of_record
TN:
SF:src\Services\routineService.js
FN:4,(anonymous_0)
FN:5,(anonymous_1)
FN:6,(anonymous_2)
FN:7,(anonymous_3)
FN:8,(anonymous_4)
FN:8,(anonymous_5)
FN:9,weekDates
FN:11,(anonymous_7)
FN:13,initialData
FN:21,(anonymous_9)
FN:23,validateActivity
FN:29,(anonymous_11)
FN:33,readData
FN:37,(anonymous_13)
FN:40,reminderCandidates
FN:42,(anonymous_15)
FN:42,(anonymous_16)
FN:45,(anonymous_17)
FNF:18
FNH:18
FNDA:1275,(anonymous_0)
FNDA:1014,(anonymous_1)
FNDA:46,(anonymous_2)
FNDA:23,(anonymous_3)
FNDA:20,(anonymous_4)
FNDA:87,(anonymous_5)
FNDA:11,weekDates
FNDA:77,(anonymous_7)
FNDA:36,initialData
FNDA:180,(anonymous_9)
FNDA:25,validateActivity
FNDA:103,(anonymous_11)
FNDA:6,readData
FNDA:11,(anonymous_13)
FNDA:938,reminderCandidates
FNDA:956,(anonymous_15)
FNDA:953,(anonymous_16)
FNDA:953,(anonymous_17)
DA:1,13
DA:2,13
DA:3,13
DA:4,1275
DA:5,1014
DA:6,46
DA:7,23
DA:8,87
DA:10,11
DA:11,77
DA:14,36
DA:21,180
DA:24,25
DA:25,24
DA:26,24
DA:27,23
DA:28,22
DA:29,103
DA:30,19
DA:31,18
DA:34,6
DA:35,6
DA:36,5
DA:37,11
DA:38,3
DA:41,938
DA:42,956
DA:43,953
DA:44,953
DA:45,953
LF:30
LH:30
BRDA:4,0,0,6
BRDA:5,1,0,2
BRDA:9,2,0,0
BRDA:21,3,0,72
BRDA:21,3,1,108
BRDA:21,4,0,180
BRDA:21,4,1,144
BRDA:24,5,0,1
BRDA:24,5,1,24
BRDA:25,6,0,0
BRDA:25,6,1,24
BRDA:26,7,0,1
BRDA:26,7,1,23
BRDA:27,8,0,1
BRDA:27,8,1,22
BRDA:27,9,0,23
BRDA:27,9,1,22
BRDA:28,10,0,2
BRDA:28,10,1,20
BRDA:29,11,0,1
BRDA:29,11,1,19
BRDA:29,12,0,20
BRDA:29,12,1,20
BRDA:29,12,2,19
BRDA:29,13,0,103
BRDA:29,13,1,103
BRDA:29,13,2,103
BRDA:30,14,0,1
BRDA:30,14,1,18
BRDA:35,15,0,1
BRDA:35,15,1,5
BRDA:37,16,0,1
BRDA:37,16,1,3
BRDA:37,17,0,4
BRDA:37,17,1,3
BRDA:37,17,2,3
BRDA:37,17,3,3
BRDA:37,18,0,11
BRDA:37,18,1,11
BRDA:37,18,2,11
BRDA:40,19,0,924
BRDA:42,20,0,956
BRDA:42,20,1,955
BRDA:42,20,2,954
BRDA:45,21,0,953
BRDA:45,21,1,927
BRF:46
BRH:44
end_of_record
TN:
SF:src\utils\matematicas.js
FN:2,sumar
FN:6,restar
FN:10,multiplicar
FN:14,dividir
FN:20,promedio
FN:23,(anonymous_5)
FNF:6
FNH:6
FNDA:4,sumar
FNDA:4,restar
FNDA:4,multiplicar
FNDA:7,dividir
FNDA:7,promedio
FNDA:14,(anonymous_5)
DA:3,4
DA:7,4
DA:11,4
DA:16,7
DA:17,4
DA:22,7
DA:23,14
LF:7
LH:7
BRDA:16,0,0,3
BRDA:16,0,1,4
BRDA:22,1,0,1
BRDA:22,1,1,6
BRF:4
BRH:4
end_of_record
